{"/Users/luciusjmorningstar/Documents/GitHub/GazeTrackingCloud/js/app.js": {"path":"/Users/luciusjmorningstar/Documents/GitHub/GazeTrackingCloud/js/app.js","statementMap":{"0":{"start":{"line":6,"column":0},"end":{"line":65,"column":3}},"1":{"start":{"line":7,"column":4},"end":{"line":7,"column":59}},"2":{"start":{"line":10,"column":4},"end":{"line":15,"column":6}},"3":{"start":{"line":11,"column":8},"end":{"line":11,"column":77}},"4":{"start":{"line":12,"column":8},"end":{"line":12,"column":46}},"5":{"start":{"line":13,"column":8},"end":{"line":13,"column":51}},"6":{"start":{"line":14,"column":8},"end":{"line":14,"column":20}},"7":{"start":{"line":18,"column":4},"end":{"line":18,"column":29}},"8":{"start":{"line":21,"column":4},"end":{"line":28,"column":5}},"9":{"start":{"line":22,"column":8},"end":{"line":22,"column":28}},"10":{"start":{"line":23,"column":8},"end":{"line":23,"column":57}},"11":{"start":{"line":25,"column":8},"end":{"line":25,"column":61}},"12":{"start":{"line":26,"column":8},"end":{"line":26,"column":91}},"13":{"start":{"line":27,"column":8},"end":{"line":27,"column":15}},"14":{"start":{"line":31,"column":4},"end":{"line":37,"column":5}},"15":{"start":{"line":32,"column":8},"end":{"line":32,"column":27}},"16":{"start":{"line":33,"column":8},"end":{"line":33,"column":58}},"17":{"start":{"line":35,"column":8},"end":{"line":35,"column":66}},"18":{"start":{"line":36,"column":8},"end":{"line":36,"column":90}},"19":{"start":{"line":40,"column":4},"end":{"line":40,"column":26}},"20":{"start":{"line":43,"column":4},"end":{"line":43,"column":22}},"21":{"start":{"line":46,"column":4},"end":{"line":59,"column":13}},"22":{"start":{"line":47,"column":26},"end":{"line":47,"column":54}},"23":{"start":{"line":48,"column":8},"end":{"line":48,"column":92}},"24":{"start":{"line":51,"column":8},"end":{"line":58,"column":9}},"25":{"start":{"line":52,"column":12},"end":{"line":52,"column":30}},"26":{"start":{"line":54,"column":12},"end":{"line":54,"column":47}},"27":{"start":{"line":56,"column":12},"end":{"line":56,"column":63}},"28":{"start":{"line":57,"column":12},"end":{"line":57,"column":66}},"29":{"start":{"line":62,"column":4},"end":{"line":62,"column":22}},"30":{"start":{"line":64,"column":4},"end":{"line":64,"column":56}},"31":{"start":{"line":71,"column":18},"end":{"line":71,"column":49}},"32":{"start":{"line":72,"column":4},"end":{"line":110,"column":6}},"33":{"start":{"line":111,"column":4},"end":{"line":111,"column":37}},"34":{"start":{"line":118,"column":4},"end":{"line":118,"column":50}},"35":{"start":{"line":121,"column":4},"end":{"line":125,"column":5}},"36":{"start":{"line":122,"column":8},"end":{"line":122,"column":66}},"37":{"start":{"line":123,"column":8},"end":{"line":123,"column":125}},"38":{"start":{"line":124,"column":8},"end":{"line":124,"column":15}},"39":{"start":{"line":127,"column":4},"end":{"line":159,"column":11}},"40":{"start":{"line":130,"column":12},"end":{"line":130,"column":49}},"41":{"start":{"line":133,"column":12},"end":{"line":137,"column":13}},"42":{"start":{"line":134,"column":16},"end":{"line":134,"column":72}},"43":{"start":{"line":135,"column":16},"end":{"line":135,"column":111}},"44":{"start":{"line":136,"column":16},"end":{"line":136,"column":23}},"45":{"start":{"line":140,"column":31},"end":{"line":140,"column":57}},"46":{"start":{"line":141,"column":12},"end":{"line":141,"column":69}},"47":{"start":{"line":144,"column":12},"end":{"line":144,"column":62}},"48":{"start":{"line":144,"column":48},"end":{"line":144,"column":60}},"49":{"start":{"line":147,"column":12},"end":{"line":147,"column":67}},"50":{"start":{"line":150,"column":12},"end":{"line":158,"column":13}},"51":{"start":{"line":151,"column":16},"end":{"line":151,"column":104}},"52":{"start":{"line":152,"column":19},"end":{"line":158,"column":13}},"53":{"start":{"line":153,"column":16},"end":{"line":153,"column":95}},"54":{"start":{"line":154,"column":19},"end":{"line":158,"column":13}},"55":{"start":{"line":155,"column":16},"end":{"line":155,"column":132}},"56":{"start":{"line":157,"column":16},"end":{"line":157,"column":113}},"57":{"start":{"line":166,"column":4},"end":{"line":166,"column":49}},"58":{"start":{"line":169,"column":29},"end":{"line":169,"column":70}},"59":{"start":{"line":170,"column":4},"end":{"line":221,"column":5}},"60":{"start":{"line":171,"column":8},"end":{"line":218,"column":11}},"61":{"start":{"line":172,"column":12},"end":{"line":172,"column":31}},"62":{"start":{"line":174,"column":12},"end":{"line":217,"column":13}},"63":{"start":{"line":175,"column":16},"end":{"line":175,"column":61}},"64":{"start":{"line":177,"column":16},"end":{"line":191,"column":17}},"65":{"start":{"line":178,"column":20},"end":{"line":178,"column":76}},"66":{"start":{"line":179,"column":20},"end":{"line":179,"column":103}},"67":{"start":{"line":182,"column":20},"end":{"line":190,"column":21}},"68":{"start":{"line":183,"column":24},"end":{"line":183,"column":61}},"69":{"start":{"line":184,"column":24},"end":{"line":184,"column":80}},"70":{"start":{"line":184,"column":53},"end":{"line":184,"column":78}},"71":{"start":{"line":185,"column":24},"end":{"line":185,"column":66}},"72":{"start":{"line":187,"column":24},"end":{"line":187,"column":68}},"73":{"start":{"line":188,"column":24},"end":{"line":188,"column":118}},"74":{"start":{"line":189,"column":24},"end":{"line":189,"column":31}},"75":{"start":{"line":193,"column":16},"end":{"line":210,"column":17}},"76":{"start":{"line":195,"column":20},"end":{"line":195,"column":63}},"77":{"start":{"line":196,"column":20},"end":{"line":196,"column":68}},"78":{"start":{"line":199,"column":43},"end":{"line":199,"column":85}},"79":{"start":{"line":200,"column":20},"end":{"line":205,"column":21}},"80":{"start":{"line":201,"column":44},"end":{"line":201,"column":88}},"81":{"start":{"line":202,"column":24},"end":{"line":204,"column":25}},"82":{"start":{"line":203,"column":28},"end":{"line":203,"column":68}},"83":{"start":{"line":208,"column":20},"end":{"line":208,"column":59}},"84":{"start":{"line":209,"column":20},"end":{"line":209,"column":57}},"85":{"start":{"line":212,"column":16},"end":{"line":212,"column":65}},"86":{"start":{"line":213,"column":16},"end":{"line":213,"column":84}},"87":{"start":{"line":215,"column":16},"end":{"line":215,"column":62}},"88":{"start":{"line":216,"column":16},"end":{"line":216,"column":64}},"89":{"start":{"line":220,"column":8},"end":{"line":220,"column":68}},"90":{"start":{"line":224,"column":28},"end":{"line":224,"column":68}},"91":{"start":{"line":225,"column":4},"end":{"line":277,"column":5}},"92":{"start":{"line":226,"column":8},"end":{"line":274,"column":11}},"93":{"start":{"line":227,"column":12},"end":{"line":227,"column":31}},"94":{"start":{"line":229,"column":12},"end":{"line":273,"column":13}},"95":{"start":{"line":230,"column":16},"end":{"line":230,"column":60}},"96":{"start":{"line":232,"column":16},"end":{"line":266,"column":17}},"97":{"start":{"line":234,"column":20},"end":{"line":234,"column":62}},"98":{"start":{"line":235,"column":20},"end":{"line":235,"column":64}},"99":{"start":{"line":237,"column":20},"end":{"line":237,"column":53}},"100":{"start":{"line":240,"column":20},"end":{"line":240,"column":55}},"101":{"start":{"line":243,"column":20},"end":{"line":246,"column":21}},"102":{"start":{"line":244,"column":24},"end":{"line":244,"column":70}},"103":{"start":{"line":245,"column":24},"end":{"line":245,"column":72}},"104":{"start":{"line":247,"column":20},"end":{"line":247,"column":65}},"105":{"start":{"line":248,"column":20},"end":{"line":248,"column":66}},"106":{"start":{"line":251,"column":47},"end":{"line":251,"column":93}},"107":{"start":{"line":252,"column":20},"end":{"line":254,"column":21}},"108":{"start":{"line":253,"column":24},"end":{"line":253,"column":52}},"109":{"start":{"line":257,"column":43},"end":{"line":257,"column":85}},"110":{"start":{"line":258,"column":20},"end":{"line":265,"column":21}},"111":{"start":{"line":259,"column":44},"end":{"line":259,"column":73}},"112":{"start":{"line":260,"column":24},"end":{"line":260,"column":61}},"113":{"start":{"line":261,"column":48},"end":{"line":261,"column":75}},"114":{"start":{"line":262,"column":24},"end":{"line":262,"column":90}},"115":{"start":{"line":263,"column":24},"end":{"line":263,"column":65}},"116":{"start":{"line":264,"column":24},"end":{"line":264,"column":64}},"117":{"start":{"line":268,"column":16},"end":{"line":268,"column":65}},"118":{"start":{"line":269,"column":16},"end":{"line":269,"column":83}},"119":{"start":{"line":271,"column":16},"end":{"line":271,"column":61}},"120":{"start":{"line":272,"column":16},"end":{"line":272,"column":62}},"121":{"start":{"line":276,"column":8},"end":{"line":276,"column":67}},"122":{"start":{"line":280,"column":27},"end":{"line":280,"column":66}},"123":{"start":{"line":281,"column":4},"end":{"line":320,"column":5}},"124":{"start":{"line":282,"column":8},"end":{"line":317,"column":11}},"125":{"start":{"line":283,"column":12},"end":{"line":283,"column":31}},"126":{"start":{"line":285,"column":12},"end":{"line":316,"column":13}},"127":{"start":{"line":286,"column":41},"end":{"line":286,"column":85}},"128":{"start":{"line":287,"column":16},"end":{"line":289,"column":17}},"129":{"start":{"line":288,"column":20},"end":{"line":288,"column":67}},"130":{"start":{"line":291,"column":16},"end":{"line":311,"column":17}},"131":{"start":{"line":292,"column":20},"end":{"line":292,"column":65}},"132":{"start":{"line":293,"column":20},"end":{"line":293,"column":52}},"133":{"start":{"line":296,"column":20},"end":{"line":296,"column":57}},"134":{"start":{"line":299,"column":20},"end":{"line":299,"column":44}},"135":{"start":{"line":301,"column":20},"end":{"line":301,"column":64}},"136":{"start":{"line":303,"column":20},"end":{"line":303,"column":46}},"137":{"start":{"line":304,"column":20},"end":{"line":304,"column":64}},"138":{"start":{"line":307,"column":43},"end":{"line":307,"column":85}},"139":{"start":{"line":308,"column":20},"end":{"line":310,"column":21}},"140":{"start":{"line":309,"column":24},"end":{"line":309,"column":63}},"141":{"start":{"line":313,"column":16},"end":{"line":313,"column":60}},"142":{"start":{"line":314,"column":16},"end":{"line":314,"column":84}},"143":{"start":{"line":315,"column":16},"end":{"line":315,"column":60}},"144":{"start":{"line":319,"column":8},"end":{"line":319,"column":66}},"145":{"start":{"line":323,"column":26},"end":{"line":323,"column":64}},"146":{"start":{"line":324,"column":4},"end":{"line":328,"column":5}},"147":{"start":{"line":325,"column":8},"end":{"line":325,"column":66}},"148":{"start":{"line":327,"column":8},"end":{"line":327,"column":65}},"149":{"start":{"line":331,"column":25},"end":{"line":331,"column":62}},"150":{"start":{"line":332,"column":4},"end":{"line":356,"column":5}},"151":{"start":{"line":333,"column":8},"end":{"line":353,"column":11}},"152":{"start":{"line":334,"column":12},"end":{"line":334,"column":31}},"153":{"start":{"line":336,"column":12},"end":{"line":352,"column":13}},"154":{"start":{"line":337,"column":16},"end":{"line":337,"column":57}},"155":{"start":{"line":338,"column":16},"end":{"line":338,"column":56}},"156":{"start":{"line":339,"column":16},"end":{"line":339,"column":55}},"157":{"start":{"line":341,"column":16},"end":{"line":341,"column":53}},"158":{"start":{"line":342,"column":16},"end":{"line":342,"column":58}},"159":{"start":{"line":343,"column":16},"end":{"line":343,"column":34}},"160":{"start":{"line":345,"column":16},"end":{"line":345,"column":85}},"161":{"start":{"line":347,"column":16},"end":{"line":347,"column":61}},"162":{"start":{"line":348,"column":16},"end":{"line":348,"column":80}},"163":{"start":{"line":350,"column":16},"end":{"line":350,"column":56}},"164":{"start":{"line":351,"column":16},"end":{"line":351,"column":58}},"165":{"start":{"line":355,"column":8},"end":{"line":355,"column":64}},"166":{"start":{"line":359,"column":30},"end":{"line":359,"column":73}},"167":{"start":{"line":360,"column":4},"end":{"line":366,"column":5}},"168":{"start":{"line":361,"column":8},"end":{"line":365,"column":11}},"169":{"start":{"line":362,"column":12},"end":{"line":362,"column":59}},"170":{"start":{"line":363,"column":12},"end":{"line":363,"column":30}},"171":{"start":{"line":364,"column":12},"end":{"line":364,"column":64}},"172":{"start":{"line":373,"column":28},"end":{"line":373,"column":75}},"173":{"start":{"line":374,"column":23},"end":{"line":374,"column":65}},"174":{"start":{"line":376,"column":4},"end":{"line":379,"column":5}},"175":{"start":{"line":377,"column":8},"end":{"line":377,"column":55}},"176":{"start":{"line":378,"column":8},"end":{"line":378,"column":15}},"177":{"start":{"line":381,"column":25},"end":{"line":381,"column":53}},"178":{"start":{"line":382,"column":4},"end":{"line":382,"column":77}},"179":{"start":{"line":384,"column":4},"end":{"line":402,"column":5}},"180":{"start":{"line":385,"column":8},"end":{"line":385,"column":58}},"181":{"start":{"line":386,"column":8},"end":{"line":386,"column":49}},"182":{"start":{"line":388,"column":8},"end":{"line":398,"column":9}},"183":{"start":{"line":389,"column":12},"end":{"line":389,"column":59}},"184":{"start":{"line":392,"column":35},"end":{"line":392,"column":77}},"185":{"start":{"line":393,"column":12},"end":{"line":397,"column":13}},"186":{"start":{"line":394,"column":43},"end":{"line":394,"column":72}},"187":{"start":{"line":395,"column":16},"end":{"line":395,"column":69}},"188":{"start":{"line":396,"column":16},"end":{"line":396,"column":63}},"189":{"start":{"line":400,"column":8},"end":{"line":400,"column":58}},"190":{"start":{"line":401,"column":8},"end":{"line":401,"column":51}},"191":{"start":{"line":409,"column":24},"end":{"line":409,"column":61}},"192":{"start":{"line":410,"column":4},"end":{"line":413,"column":5}},"193":{"start":{"line":411,"column":8},"end":{"line":411,"column":48}},"194":{"start":{"line":412,"column":8},"end":{"line":412,"column":15}},"195":{"start":{"line":415,"column":4},"end":{"line":469,"column":5}},"196":{"start":{"line":416,"column":8},"end":{"line":464,"column":11}},"197":{"start":{"line":458,"column":32},"end":{"line":458,"column":108}},"198":{"start":{"line":466,"column":8},"end":{"line":466,"column":41}},"199":{"start":{"line":468,"column":8},"end":{"line":468,"column":58}},"200":{"start":{"line":476,"column":4},"end":{"line":479,"column":5}},"201":{"start":{"line":477,"column":8},"end":{"line":477,"column":47}},"202":{"start":{"line":478,"column":8},"end":{"line":478,"column":15}},"203":{"start":{"line":481,"column":4},"end":{"line":510,"column":5}},"204":{"start":{"line":482,"column":26},"end":{"line":482,"column":59}},"205":{"start":{"line":483,"column":8},"end":{"line":486,"column":9}},"206":{"start":{"line":484,"column":12},"end":{"line":484,"column":69}},"207":{"start":{"line":485,"column":12},"end":{"line":485,"column":19}},"208":{"start":{"line":488,"column":28},"end":{"line":488,"column":66}},"209":{"start":{"line":489,"column":8},"end":{"line":492,"column":9}},"210":{"start":{"line":490,"column":12},"end":{"line":490,"column":64}},"211":{"start":{"line":491,"column":12},"end":{"line":491,"column":19}},"212":{"start":{"line":495,"column":28},"end":{"line":495,"column":78}},"213":{"start":{"line":495,"column":61},"end":{"line":495,"column":77}},"214":{"start":{"line":498,"column":26},"end":{"line":501,"column":11}},"215":{"start":{"line":498,"column":51},"end":{"line":501,"column":9}},"216":{"start":{"line":504,"column":8},"end":{"line":504,"column":59}},"217":{"start":{"line":505,"column":8},"end":{"line":505,"column":34}},"218":{"start":{"line":507,"column":8},"end":{"line":507,"column":74}},"219":{"start":{"line":509,"column":8},"end":{"line":509,"column":54}},"220":{"start":{"line":521,"column":4},"end":{"line":525,"column":5}},"221":{"start":{"line":522,"column":8},"end":{"line":522,"column":38}},"222":{"start":{"line":524,"column":8},"end":{"line":524,"column":31}},"223":{"start":{"line":528,"column":25},"end":{"line":528,"column":67}},"224":{"start":{"line":529,"column":4},"end":{"line":531,"column":5}},"225":{"start":{"line":530,"column":8},"end":{"line":530,"column":48}},"226":{"start":{"line":534,"column":25},"end":{"line":534,"column":54}},"227":{"start":{"line":535,"column":4},"end":{"line":535,"column":54}},"228":{"start":{"line":538,"column":4},"end":{"line":548,"column":5}},"229":{"start":{"line":540,"column":12},"end":{"line":540,"column":74}},"230":{"start":{"line":541,"column":12},"end":{"line":541,"column":18}},"231":{"start":{"line":543,"column":12},"end":{"line":543,"column":75}},"232":{"start":{"line":544,"column":12},"end":{"line":544,"column":18}},"233":{"start":{"line":546,"column":12},"end":{"line":546,"column":75}},"234":{"start":{"line":547,"column":12},"end":{"line":547,"column":18}},"235":{"start":{"line":551,"column":4},"end":{"line":551,"column":39}},"236":{"start":{"line":554,"column":24},"end":{"line":554,"column":56}},"237":{"start":{"line":555,"column":4},"end":{"line":555,"column":42}},"238":{"start":{"line":556,"column":4},"end":{"line":556,"column":34}},"239":{"start":{"line":557,"column":4},"end":{"line":564,"column":7}},"240":{"start":{"line":558,"column":8},"end":{"line":558,"column":49}},"241":{"start":{"line":561,"column":8},"end":{"line":563,"column":9}},"242":{"start":{"line":562,"column":12},"end":{"line":562,"column":50}},"243":{"start":{"line":566,"column":4},"end":{"line":566,"column":42}},"244":{"start":{"line":567,"column":4},"end":{"line":567,"column":45}},"245":{"start":{"line":568,"column":4},"end":{"line":568,"column":43}},"246":{"start":{"line":571,"column":4},"end":{"line":582,"column":5}},"247":{"start":{"line":572,"column":8},"end":{"line":581,"column":17}},"248":{"start":{"line":573,"column":12},"end":{"line":580,"column":13}},"249":{"start":{"line":574,"column":16},"end":{"line":574,"column":57}},"250":{"start":{"line":577,"column":16},"end":{"line":579,"column":17}},"251":{"start":{"line":578,"column":20},"end":{"line":578,"column":58}},"252":{"start":{"line":590,"column":22},"end":{"line":590,"column":51}},"253":{"start":{"line":591,"column":4},"end":{"line":591,"column":37}},"254":{"start":{"line":592,"column":4},"end":{"line":592,"column":39}},"255":{"start":{"line":593,"column":4},"end":{"line":593,"column":33}},"256":{"start":{"line":594,"column":4},"end":{"line":594,"column":35}},"257":{"start":{"line":595,"column":4},"end":{"line":595,"column":39}},"258":{"start":{"line":596,"column":4},"end":{"line":596,"column":36}},"259":{"start":{"line":597,"column":4},"end":{"line":597,"column":37}},"260":{"start":{"line":600,"column":18},"end":{"line":600,"column":49}},"261":{"start":{"line":601,"column":4},"end":{"line":632,"column":6}},"262":{"start":{"line":634,"column":4},"end":{"line":634,"column":37}},"263":{"start":{"line":635,"column":4},"end":{"line":635,"column":41}},"264":{"start":{"line":637,"column":4},"end":{"line":637,"column":21}},"265":{"start":{"line":646,"column":4},"end":{"line":648,"column":5}},"266":{"start":{"line":647,"column":8},"end":{"line":647,"column":15}},"267":{"start":{"line":651,"column":21},"end":{"line":651,"column":50}},"268":{"start":{"line":652,"column":4},"end":{"line":652,"column":37}},"269":{"start":{"line":653,"column":4},"end":{"line":653,"column":41}},"270":{"start":{"line":654,"column":4},"end":{"line":654,"column":32}},"271":{"start":{"line":655,"column":4},"end":{"line":655,"column":34}},"272":{"start":{"line":656,"column":4},"end":{"line":656,"column":34}},"273":{"start":{"line":657,"column":4},"end":{"line":657,"column":36}},"274":{"start":{"line":658,"column":4},"end":{"line":658,"column":32}},"275":{"start":{"line":661,"column":22},"end":{"line":661,"column":54}},"276":{"start":{"line":662,"column":4},"end":{"line":662,"column":46}},"277":{"start":{"line":663,"column":4},"end":{"line":663,"column":40}},"278":{"start":{"line":664,"column":4},"end":{"line":664,"column":48}},"279":{"start":{"line":665,"column":4},"end":{"line":665,"column":36}},"280":{"start":{"line":666,"column":4},"end":{"line":666,"column":36}},"281":{"start":{"line":667,"column":4},"end":{"line":667,"column":41}},"282":{"start":{"line":668,"column":4},"end":{"line":668,"column":41}},"283":{"start":{"line":669,"column":4},"end":{"line":669,"column":39}},"284":{"start":{"line":670,"column":4},"end":{"line":670,"column":38}},"285":{"start":{"line":673,"column":4},"end":{"line":680,"column":7}},"286":{"start":{"line":674,"column":8},"end":{"line":679,"column":9}},"287":{"start":{"line":675,"column":12},"end":{"line":675,"column":38}},"288":{"start":{"line":677,"column":12},"end":{"line":677,"column":61}},"289":{"start":{"line":678,"column":12},"end":{"line":678,"column":80}},"290":{"start":{"line":683,"column":4},"end":{"line":683,"column":36}},"291":{"start":{"line":686,"column":4},"end":{"line":686,"column":36}},"292":{"start":{"line":689,"column":4},"end":{"line":703,"column":5}},"293":{"start":{"line":690,"column":24},"end":{"line":690,"column":53}},"294":{"start":{"line":691,"column":8},"end":{"line":691,"column":39}},"295":{"start":{"line":692,"column":8},"end":{"line":692,"column":44}},"296":{"start":{"line":693,"column":8},"end":{"line":693,"column":38}},"297":{"start":{"line":694,"column":8},"end":{"line":694,"column":36}},"298":{"start":{"line":695,"column":8},"end":{"line":695,"column":67}},"299":{"start":{"line":696,"column":8},"end":{"line":696,"column":39}},"300":{"start":{"line":697,"column":8},"end":{"line":697,"column":43}},"301":{"start":{"line":698,"column":8},"end":{"line":698,"column":41}},"302":{"start":{"line":699,"column":8},"end":{"line":699,"column":40}},"303":{"start":{"line":700,"column":8},"end":{"line":700,"column":37}},"304":{"start":{"line":702,"column":8},"end":{"line":702,"column":39}},"305":{"start":{"line":710,"column":27},"end":{"line":710,"column":69}},"306":{"start":{"line":711,"column":4},"end":{"line":713,"column":5}},"307":{"start":{"line":712,"column":8},"end":{"line":712,"column":15}},"308":{"start":{"line":715,"column":4},"end":{"line":739,"column":5}},"309":{"start":{"line":716,"column":24},"end":{"line":716,"column":53}},"310":{"start":{"line":717,"column":8},"end":{"line":720,"column":9}},"311":{"start":{"line":718,"column":12},"end":{"line":718,"column":69}},"312":{"start":{"line":719,"column":12},"end":{"line":719,"column":19}},"313":{"start":{"line":723,"column":65},"end":{"line":723,"column":72}},"314":{"start":{"line":726,"column":8},"end":{"line":733,"column":10}},"315":{"start":{"line":735,"column":8},"end":{"line":735,"column":50}},"316":{"start":{"line":737,"column":8},"end":{"line":737,"column":66}},"317":{"start":{"line":738,"column":8},"end":{"line":738,"column":64}},"318":{"start":{"line":747,"column":4},"end":{"line":747,"column":23}},"319":{"start":{"line":749,"column":4},"end":{"line":934,"column":5}},"320":{"start":{"line":750,"column":26},"end":{"line":750,"column":59}},"321":{"start":{"line":753,"column":30},"end":{"line":753,"column":59}},"322":{"start":{"line":754,"column":8},"end":{"line":754,"column":51}},"323":{"start":{"line":755,"column":8},"end":{"line":755,"column":50}},"324":{"start":{"line":756,"column":8},"end":{"line":756,"column":56}},"325":{"start":{"line":757,"column":8},"end":{"line":757,"column":52}},"326":{"start":{"line":758,"column":8},"end":{"line":758,"column":54}},"327":{"start":{"line":759,"column":8},"end":{"line":759,"column":54}},"328":{"start":{"line":760,"column":8},"end":{"line":760,"column":49}},"329":{"start":{"line":761,"column":8},"end":{"line":761,"column":45}},"330":{"start":{"line":762,"column":8},"end":{"line":762,"column":68}},"331":{"start":{"line":763,"column":8},"end":{"line":763,"column":44}},"332":{"start":{"line":765,"column":26},"end":{"line":765,"column":58}},"333":{"start":{"line":766,"column":8},"end":{"line":766,"column":48}},"334":{"start":{"line":767,"column":8},"end":{"line":767,"column":42}},"335":{"start":{"line":768,"column":8},"end":{"line":768,"column":39}},"336":{"start":{"line":769,"column":8},"end":{"line":769,"column":40}},"337":{"start":{"line":770,"column":8},"end":{"line":770,"column":45}},"338":{"start":{"line":771,"column":8},"end":{"line":771,"column":52}},"339":{"start":{"line":772,"column":8},"end":{"line":772,"column":40}},"340":{"start":{"line":773,"column":8},"end":{"line":773,"column":40}},"341":{"start":{"line":774,"column":8},"end":{"line":774,"column":45}},"342":{"start":{"line":775,"column":8},"end":{"line":775,"column":43}},"343":{"start":{"line":777,"column":27},"end":{"line":777,"column":59}},"344":{"start":{"line":778,"column":8},"end":{"line":778,"column":50}},"345":{"start":{"line":779,"column":8},"end":{"line":779,"column":43}},"346":{"start":{"line":780,"column":8},"end":{"line":780,"column":40}},"347":{"start":{"line":781,"column":8},"end":{"line":781,"column":41}},"348":{"start":{"line":782,"column":8},"end":{"line":782,"column":46}},"349":{"start":{"line":783,"column":8},"end":{"line":783,"column":53}},"350":{"start":{"line":784,"column":8},"end":{"line":784,"column":41}},"351":{"start":{"line":785,"column":8},"end":{"line":785,"column":41}},"352":{"start":{"line":786,"column":8},"end":{"line":786,"column":46}},"353":{"start":{"line":787,"column":8},"end":{"line":787,"column":44}},"354":{"start":{"line":789,"column":30},"end":{"line":789,"column":62}},"355":{"start":{"line":790,"column":8},"end":{"line":790,"column":53}},"356":{"start":{"line":791,"column":8},"end":{"line":791,"column":46}},"357":{"start":{"line":792,"column":8},"end":{"line":792,"column":43}},"358":{"start":{"line":793,"column":8},"end":{"line":793,"column":44}},"359":{"start":{"line":794,"column":8},"end":{"line":794,"column":56}},"360":{"start":{"line":795,"column":8},"end":{"line":795,"column":44}},"361":{"start":{"line":796,"column":8},"end":{"line":796,"column":44}},"362":{"start":{"line":797,"column":8},"end":{"line":797,"column":49}},"363":{"start":{"line":798,"column":8},"end":{"line":798,"column":47}},"364":{"start":{"line":800,"column":8},"end":{"line":800,"column":45}},"365":{"start":{"line":801,"column":8},"end":{"line":801,"column":46}},"366":{"start":{"line":802,"column":8},"end":{"line":802,"column":49}},"367":{"start":{"line":803,"column":8},"end":{"line":803,"column":49}},"368":{"start":{"line":806,"column":29},"end":{"line":811,"column":9}},"369":{"start":{"line":807,"column":12},"end":{"line":810,"column":13}},"370":{"start":{"line":808,"column":16},"end":{"line":808,"column":57}},"371":{"start":{"line":809,"column":16},"end":{"line":809,"column":68}},"372":{"start":{"line":814,"column":8},"end":{"line":816,"column":16}},"373":{"start":{"line":815,"column":12},"end":{"line":815,"column":61}},"374":{"start":{"line":819,"column":8},"end":{"line":841,"column":11}},"375":{"start":{"line":820,"column":12},"end":{"line":820,"column":53}},"376":{"start":{"line":821,"column":12},"end":{"line":821,"column":64}},"377":{"start":{"line":823,"column":30},"end":{"line":823,"column":68}},"378":{"start":{"line":824,"column":12},"end":{"line":827,"column":13}},"379":{"start":{"line":825,"column":16},"end":{"line":825,"column":59}},"380":{"start":{"line":826,"column":16},"end":{"line":826,"column":52}},"381":{"start":{"line":829,"column":12},"end":{"line":840,"column":13}},"382":{"start":{"line":830,"column":16},"end":{"line":830,"column":46}},"383":{"start":{"line":831,"column":16},"end":{"line":831,"column":80}},"384":{"start":{"line":833,"column":16},"end":{"line":833,"column":61}},"385":{"start":{"line":834,"column":16},"end":{"line":834,"column":80}},"386":{"start":{"line":836,"column":16},"end":{"line":839,"column":17}},"387":{"start":{"line":837,"column":20},"end":{"line":837,"column":58}},"388":{"start":{"line":838,"column":20},"end":{"line":838,"column":59}},"389":{"start":{"line":844,"column":8},"end":{"line":892,"column":11}},"390":{"start":{"line":845,"column":12},"end":{"line":845,"column":53}},"391":{"start":{"line":846,"column":12},"end":{"line":846,"column":64}},"392":{"start":{"line":848,"column":30},"end":{"line":848,"column":68}},"393":{"start":{"line":849,"column":12},"end":{"line":852,"column":13}},"394":{"start":{"line":850,"column":16},"end":{"line":850,"column":60}},"395":{"start":{"line":851,"column":16},"end":{"line":851,"column":52}},"396":{"start":{"line":854,"column":12},"end":{"line":891,"column":13}},"397":{"start":{"line":855,"column":16},"end":{"line":858,"column":17}},"398":{"start":{"line":856,"column":20},"end":{"line":856,"column":73}},"399":{"start":{"line":857,"column":20},"end":{"line":857,"column":27}},"400":{"start":{"line":860,"column":33},"end":{"line":860,"column":70}},"401":{"start":{"line":861,"column":16},"end":{"line":864,"column":17}},"402":{"start":{"line":862,"column":20},"end":{"line":862,"column":63}},"403":{"start":{"line":863,"column":20},"end":{"line":863,"column":27}},"404":{"start":{"line":867,"column":28},"end":{"line":867,"column":38}},"405":{"start":{"line":868,"column":32},"end":{"line":868,"column":62}},"406":{"start":{"line":869,"column":32},"end":{"line":869,"column":81}},"407":{"start":{"line":872,"column":29},"end":{"line":872,"column":79}},"408":{"start":{"line":873,"column":28},"end":{"line":873,"column":53}},"409":{"start":{"line":874,"column":26},"end":{"line":874,"column":53}},"410":{"start":{"line":875,"column":16},"end":{"line":875,"column":29}},"411":{"start":{"line":876,"column":16},"end":{"line":876,"column":89}},"412":{"start":{"line":877,"column":16},"end":{"line":877,"column":45}},"413":{"start":{"line":878,"column":16},"end":{"line":878,"column":26}},"414":{"start":{"line":879,"column":16},"end":{"line":879,"column":45}},"415":{"start":{"line":880,"column":16},"end":{"line":880,"column":41}},"416":{"start":{"line":882,"column":16},"end":{"line":882,"column":81}},"417":{"start":{"line":884,"column":16},"end":{"line":884,"column":62}},"418":{"start":{"line":885,"column":16},"end":{"line":885,"column":81}},"419":{"start":{"line":887,"column":16},"end":{"line":890,"column":17}},"420":{"start":{"line":888,"column":20},"end":{"line":888,"column":58}},"421":{"start":{"line":889,"column":20},"end":{"line":889,"column":59}},"422":{"start":{"line":895,"column":8},"end":{"line":930,"column":11}},"423":{"start":{"line":896,"column":12},"end":{"line":896,"column":53}},"424":{"start":{"line":897,"column":12},"end":{"line":897,"column":64}},"425":{"start":{"line":899,"column":30},"end":{"line":899,"column":68}},"426":{"start":{"line":900,"column":12},"end":{"line":903,"column":13}},"427":{"start":{"line":901,"column":16},"end":{"line":901,"column":63}},"428":{"start":{"line":902,"column":16},"end":{"line":902,"column":52}},"429":{"start":{"line":905,"column":12},"end":{"line":929,"column":13}},"430":{"start":{"line":907,"column":41},"end":{"line":907,"column":85}},"431":{"start":{"line":908,"column":34},"end":{"line":908,"column":99}},"432":{"start":{"line":910,"column":16},"end":{"line":912,"column":17}},"433":{"start":{"line":911,"column":20},"end":{"line":911,"column":46}},"434":{"start":{"line":915,"column":16},"end":{"line":915,"column":42}},"435":{"start":{"line":918,"column":16},"end":{"line":920,"column":17}},"436":{"start":{"line":919,"column":20},"end":{"line":919,"column":46}},"437":{"start":{"line":922,"column":16},"end":{"line":922,"column":65}},"438":{"start":{"line":923,"column":16},"end":{"line":923,"column":84}},"439":{"start":{"line":925,"column":16},"end":{"line":928,"column":17}},"440":{"start":{"line":926,"column":20},"end":{"line":926,"column":58}},"441":{"start":{"line":927,"column":20},"end":{"line":927,"column":59}},"442":{"start":{"line":932,"column":8},"end":{"line":932,"column":62}},"443":{"start":{"line":933,"column":8},"end":{"line":933,"column":81}},"444":{"start":{"line":938,"column":0},"end":{"line":938,"column":29}}},"fnMap":{"0":{"name":"(anonymous_0)","decl":{"start":{"line":6,"column":46},"end":{"line":6,"column":47}},"loc":{"start":{"line":6,"column":58},"end":{"line":65,"column":1}},"line":6},"1":{"name":"(anonymous_1)","decl":{"start":{"line":10,"column":21},"end":{"line":10,"column":22}},"loc":{"start":{"line":10,"column":69},"end":{"line":15,"column":5}},"line":10},"2":{"name":"(anonymous_2)","decl":{"start":{"line":46,"column":15},"end":{"line":46,"column":16}},"loc":{"start":{"line":46,"column":21},"end":{"line":59,"column":5}},"line":46},"3":{"name":"addButtonStyles","decl":{"start":{"line":70,"column":9},"end":{"line":70,"column":24}},"loc":{"start":{"line":70,"column":27},"end":{"line":112,"column":1}},"line":70},"4":{"name":"checkCameraPermissions","decl":{"start":{"line":117,"column":9},"end":{"line":117,"column":31}},"loc":{"start":{"line":117,"column":34},"end":{"line":160,"column":1}},"line":117},"5":{"name":"(anonymous_5)","decl":{"start":{"line":128,"column":14},"end":{"line":128,"column":15}},"loc":{"start":{"line":128,"column":24},"end":{"line":145,"column":9}},"line":128},"6":{"name":"(anonymous_6)","decl":{"start":{"line":144,"column":39},"end":{"line":144,"column":40}},"loc":{"start":{"line":144,"column":48},"end":{"line":144,"column":60}},"line":144},"7":{"name":"(anonymous_7)","decl":{"start":{"line":146,"column":15},"end":{"line":146,"column":16}},"loc":{"start":{"line":146,"column":24},"end":{"line":159,"column":9}},"line":146},"8":{"name":"setupEventListeners","decl":{"start":{"line":165,"column":9},"end":{"line":165,"column":28}},"loc":{"start":{"line":165,"column":31},"end":{"line":367,"column":1}},"line":165},"9":{"name":"(anonymous_9)","decl":{"start":{"line":171,"column":51},"end":{"line":171,"column":52}},"loc":{"start":{"line":171,"column":64},"end":{"line":218,"column":9}},"line":171},"10":{"name":"(anonymous_10)","decl":{"start":{"line":184,"column":42},"end":{"line":184,"column":43}},"loc":{"start":{"line":184,"column":53},"end":{"line":184,"column":78}},"line":184},"11":{"name":"(anonymous_11)","decl":{"start":{"line":226,"column":50},"end":{"line":226,"column":51}},"loc":{"start":{"line":226,"column":63},"end":{"line":274,"column":9}},"line":226},"12":{"name":"(anonymous_12)","decl":{"start":{"line":282,"column":49},"end":{"line":282,"column":50}},"loc":{"start":{"line":282,"column":62},"end":{"line":317,"column":9}},"line":282},"13":{"name":"(anonymous_13)","decl":{"start":{"line":333,"column":47},"end":{"line":333,"column":48}},"loc":{"start":{"line":333,"column":60},"end":{"line":353,"column":9}},"line":333},"14":{"name":"(anonymous_14)","decl":{"start":{"line":361,"column":52},"end":{"line":361,"column":53}},"loc":{"start":{"line":361,"column":58},"end":{"line":365,"column":9}},"line":361},"15":{"name":"updateAPIStatus","decl":{"start":{"line":372,"column":9},"end":{"line":372,"column":24}},"loc":{"start":{"line":372,"column":27},"end":{"line":403,"column":1}},"line":372},"16":{"name":"initializeChart","decl":{"start":{"line":408,"column":9},"end":{"line":408,"column":24}},"loc":{"start":{"line":408,"column":27},"end":{"line":470,"column":1}},"line":408},"17":{"name":"(anonymous_17)","decl":{"start":{"line":457,"column":35},"end":{"line":457,"column":36}},"loc":{"start":{"line":457,"column":53},"end":{"line":459,"column":29}},"line":457},"18":{"name":"updateChartWithSessionData","decl":{"start":{"line":475,"column":15},"end":{"line":475,"column":41}},"loc":{"start":{"line":475,"column":44},"end":{"line":511,"column":1}},"line":475},"19":{"name":"(anonymous_19)","decl":{"start":{"line":495,"column":47},"end":{"line":495,"column":48}},"loc":{"start":{"line":495,"column":61},"end":{"line":495,"column":77}},"line":495},"20":{"name":"(anonymous_20)","decl":{"start":{"line":498,"column":42},"end":{"line":498,"column":43}},"loc":{"start":{"line":498,"column":51},"end":{"line":501,"column":9}},"line":498},"21":{"name":"showError","decl":{"start":{"line":519,"column":9},"end":{"line":519,"column":18}},"loc":{"start":{"line":519,"column":52},"end":{"line":583,"column":1}},"line":519},"22":{"name":"(anonymous_22)","decl":{"start":{"line":557,"column":42},"end":{"line":557,"column":43}},"loc":{"start":{"line":557,"column":48},"end":{"line":564,"column":5}},"line":557},"23":{"name":"(anonymous_23)","decl":{"start":{"line":572,"column":19},"end":{"line":572,"column":20}},"loc":{"start":{"line":572,"column":25},"end":{"line":581,"column":9}},"line":572},"24":{"name":"createErrorContainer","decl":{"start":{"line":589,"column":9},"end":{"line":589,"column":29}},"loc":{"start":{"line":589,"column":32},"end":{"line":638,"column":1}},"line":589},"25":{"name":"addHeatmapControls","decl":{"start":{"line":644,"column":9},"end":{"line":644,"column":27}},"loc":{"start":{"line":644,"column":39},"end":{"line":704,"column":1}},"line":644},"26":{"name":"(anonymous_26)","decl":{"start":{"line":673,"column":40},"end":{"line":673,"column":41}},"loc":{"start":{"line":673,"column":46},"end":{"line":680,"column":5}},"line":673},"27":{"name":"displayHeatmapSummary","decl":{"start":{"line":709,"column":9},"end":{"line":709,"column":30}},"loc":{"start":{"line":709,"column":33},"end":{"line":740,"column":1}},"line":709},"28":{"name":"handleExportData","decl":{"start":{"line":746,"column":9},"end":{"line":746,"column":25}},"loc":{"start":{"line":746,"column":29},"end":{"line":935,"column":1}},"line":746},"29":{"name":"(anonymous_29)","decl":{"start":{"line":806,"column":29},"end":{"line":806,"column":30}},"loc":{"start":{"line":806,"column":40},"end":{"line":811,"column":9}},"line":806},"30":{"name":"(anonymous_30)","decl":{"start":{"line":814,"column":19},"end":{"line":814,"column":20}},"loc":{"start":{"line":814,"column":25},"end":{"line":816,"column":9}},"line":814},"31":{"name":"(anonymous_31)","decl":{"start":{"line":819,"column":44},"end":{"line":819,"column":45}},"loc":{"start":{"line":819,"column":56},"end":{"line":841,"column":9}},"line":819},"32":{"name":"(anonymous_32)","decl":{"start":{"line":844,"column":45},"end":{"line":844,"column":46}},"loc":{"start":{"line":844,"column":57},"end":{"line":892,"column":9}},"line":844},"33":{"name":"(anonymous_33)","decl":{"start":{"line":895,"column":48},"end":{"line":895,"column":49}},"loc":{"start":{"line":895,"column":54},"end":{"line":930,"column":9}},"line":895}},"branchMap":{"0":{"loc":{"start":{"line":48,"column":51},"end":{"line":48,"column":90}},"type":"cond-expr","locations":[{"start":{"line":48,"column":63},"end":{"line":48,"column":74}},{"start":{"line":48,"column":77},"end":{"line":48,"column":90}}],"line":48},"1":{"loc":{"start":{"line":121,"column":4},"end":{"line":125,"column":5}},"type":"if","locations":[{"start":{"line":121,"column":4},"end":{"line":125,"column":5}},{"start":{},"end":{}}],"line":121},"2":{"loc":{"start":{"line":121,"column":8},"end":{"line":121,"column":71}},"type":"binary-expr","locations":[{"start":{"line":121,"column":8},"end":{"line":121,"column":31}},{"start":{"line":121,"column":35},"end":{"line":121,"column":71}}],"line":121},"3":{"loc":{"start":{"line":133,"column":12},"end":{"line":137,"column":13}},"type":"if","locations":[{"start":{"line":133,"column":12},"end":{"line":137,"column":13}},{"start":{},"end":{}}],"line":133},"4":{"loc":{"start":{"line":150,"column":12},"end":{"line":158,"column":13}},"type":"if","locations":[{"start":{"line":150,"column":12},"end":{"line":158,"column":13}},{"start":{"line":152,"column":19},"end":{"line":158,"column":13}}],"line":150},"5":{"loc":{"start":{"line":152,"column":19},"end":{"line":158,"column":13}},"type":"if","locations":[{"start":{"line":152,"column":19},"end":{"line":158,"column":13}},{"start":{"line":154,"column":19},"end":{"line":158,"column":13}}],"line":152},"6":{"loc":{"start":{"line":154,"column":19},"end":{"line":158,"column":13}},"type":"if","locations":[{"start":{"line":154,"column":19},"end":{"line":158,"column":13}},{"start":{"line":156,"column":19},"end":{"line":158,"column":13}}],"line":154},"7":{"loc":{"start":{"line":170,"column":4},"end":{"line":221,"column":5}},"type":"if","locations":[{"start":{"line":170,"column":4},"end":{"line":221,"column":5}},{"start":{"line":219,"column":11},"end":{"line":221,"column":5}}],"line":170},"8":{"loc":{"start":{"line":177,"column":16},"end":{"line":191,"column":17}},"type":"if","locations":[{"start":{"line":177,"column":16},"end":{"line":191,"column":17}},{"start":{},"end":{}}],"line":177},"9":{"loc":{"start":{"line":193,"column":16},"end":{"line":210,"column":17}},"type":"if","locations":[{"start":{"line":193,"column":16},"end":{"line":210,"column":17}},{"start":{},"end":{}}],"line":193},"10":{"loc":{"start":{"line":193,"column":20},"end":{"line":193,"column":89}},"type":"binary-expr","locations":[{"start":{"line":193,"column":20},"end":{"line":193,"column":51}},{"start":{"line":193,"column":55},"end":{"line":193,"column":89}}],"line":193},"11":{"loc":{"start":{"line":200,"column":20},"end":{"line":205,"column":21}},"type":"if","locations":[{"start":{"line":200,"column":20},"end":{"line":205,"column":21}},{"start":{},"end":{}}],"line":200},"12":{"loc":{"start":{"line":202,"column":24},"end":{"line":204,"column":25}},"type":"if","locations":[{"start":{"line":202,"column":24},"end":{"line":204,"column":25}},{"start":{},"end":{}}],"line":202},"13":{"loc":{"start":{"line":225,"column":4},"end":{"line":277,"column":5}},"type":"if","locations":[{"start":{"line":225,"column":4},"end":{"line":277,"column":5}},{"start":{"line":275,"column":11},"end":{"line":277,"column":5}}],"line":225},"14":{"loc":{"start":{"line":232,"column":16},"end":{"line":266,"column":17}},"type":"if","locations":[{"start":{"line":232,"column":16},"end":{"line":266,"column":17}},{"start":{},"end":{}}],"line":232},"15":{"loc":{"start":{"line":243,"column":20},"end":{"line":246,"column":21}},"type":"if","locations":[{"start":{"line":243,"column":20},"end":{"line":246,"column":21}},{"start":{},"end":{}}],"line":243},"16":{"loc":{"start":{"line":252,"column":20},"end":{"line":254,"column":21}},"type":"if","locations":[{"start":{"line":252,"column":20},"end":{"line":254,"column":21}},{"start":{},"end":{}}],"line":252},"17":{"loc":{"start":{"line":258,"column":20},"end":{"line":265,"column":21}},"type":"if","locations":[{"start":{"line":258,"column":20},"end":{"line":265,"column":21}},{"start":{},"end":{}}],"line":258},"18":{"loc":{"start":{"line":258,"column":24},"end":{"line":258,"column":78}},"type":"binary-expr","locations":[{"start":{"line":258,"column":24},"end":{"line":258,"column":38}},{"start":{"line":258,"column":42},"end":{"line":258,"column":78}}],"line":258},"19":{"loc":{"start":{"line":281,"column":4},"end":{"line":320,"column":5}},"type":"if","locations":[{"start":{"line":281,"column":4},"end":{"line":320,"column":5}},{"start":{"line":318,"column":11},"end":{"line":320,"column":5}}],"line":281},"20":{"loc":{"start":{"line":287,"column":16},"end":{"line":289,"column":17}},"type":"if","locations":[{"start":{"line":287,"column":16},"end":{"line":289,"column":17}},{"start":{},"end":{}}],"line":287},"21":{"loc":{"start":{"line":291,"column":16},"end":{"line":311,"column":17}},"type":"if","locations":[{"start":{"line":291,"column":16},"end":{"line":311,"column":17}},{"start":{"line":302,"column":23},"end":{"line":311,"column":17}}],"line":291},"22":{"loc":{"start":{"line":308,"column":20},"end":{"line":310,"column":21}},"type":"if","locations":[{"start":{"line":308,"column":20},"end":{"line":310,"column":21}},{"start":{},"end":{}}],"line":308},"23":{"loc":{"start":{"line":324,"column":4},"end":{"line":328,"column":5}},"type":"if","locations":[{"start":{"line":324,"column":4},"end":{"line":328,"column":5}},{"start":{"line":326,"column":11},"end":{"line":328,"column":5}}],"line":324},"24":{"loc":{"start":{"line":332,"column":4},"end":{"line":356,"column":5}},"type":"if","locations":[{"start":{"line":332,"column":4},"end":{"line":356,"column":5}},{"start":{"line":354,"column":11},"end":{"line":356,"column":5}}],"line":332},"25":{"loc":{"start":{"line":360,"column":4},"end":{"line":366,"column":5}},"type":"if","locations":[{"start":{"line":360,"column":4},"end":{"line":366,"column":5}},{"start":{},"end":{}}],"line":360},"26":{"loc":{"start":{"line":376,"column":4},"end":{"line":379,"column":5}},"type":"if","locations":[{"start":{"line":376,"column":4},"end":{"line":379,"column":5}},{"start":{},"end":{}}],"line":376},"27":{"loc":{"start":{"line":376,"column":8},"end":{"line":376,"column":39}},"type":"binary-expr","locations":[{"start":{"line":376,"column":8},"end":{"line":376,"column":24}},{"start":{"line":376,"column":28},"end":{"line":376,"column":39}}],"line":376},"28":{"loc":{"start":{"line":384,"column":4},"end":{"line":402,"column":5}},"type":"if","locations":[{"start":{"line":384,"column":4},"end":{"line":402,"column":5}},{"start":{"line":399,"column":11},"end":{"line":402,"column":5}}],"line":384},"29":{"loc":{"start":{"line":388,"column":8},"end":{"line":398,"column":9}},"type":"if","locations":[{"start":{"line":388,"column":8},"end":{"line":398,"column":9}},{"start":{},"end":{}}],"line":388},"30":{"loc":{"start":{"line":393,"column":12},"end":{"line":397,"column":13}},"type":"if","locations":[{"start":{"line":393,"column":12},"end":{"line":397,"column":13}},{"start":{},"end":{}}],"line":393},"31":{"loc":{"start":{"line":393,"column":16},"end":{"line":393,"column":81}},"type":"binary-expr","locations":[{"start":{"line":393,"column":16},"end":{"line":393,"column":30}},{"start":{"line":393,"column":34},"end":{"line":393,"column":81}}],"line":393},"32":{"loc":{"start":{"line":410,"column":4},"end":{"line":413,"column":5}},"type":"if","locations":[{"start":{"line":410,"column":4},"end":{"line":413,"column":5}},{"start":{},"end":{}}],"line":410},"33":{"loc":{"start":{"line":476,"column":4},"end":{"line":479,"column":5}},"type":"if","locations":[{"start":{"line":476,"column":4},"end":{"line":479,"column":5}},{"start":{},"end":{}}],"line":476},"34":{"loc":{"start":{"line":483,"column":8},"end":{"line":486,"column":9}},"type":"if","locations":[{"start":{"line":483,"column":8},"end":{"line":486,"column":9}},{"start":{},"end":{}}],"line":483},"35":{"loc":{"start":{"line":489,"column":8},"end":{"line":492,"column":9}},"type":"if","locations":[{"start":{"line":489,"column":8},"end":{"line":492,"column":9}},{"start":{},"end":{}}],"line":489},"36":{"loc":{"start":{"line":489,"column":12},"end":{"line":489,"column":52}},"type":"binary-expr","locations":[{"start":{"line":489,"column":12},"end":{"line":489,"column":24}},{"start":{"line":489,"column":28},"end":{"line":489,"column":52}}],"line":489},"37":{"loc":{"start":{"line":519,"column":35},"end":{"line":519,"column":50}},"type":"default-arg","locations":[{"start":{"line":519,"column":43},"end":{"line":519,"column":50}}],"line":519},"38":{"loc":{"start":{"line":521,"column":4},"end":{"line":525,"column":5}},"type":"if","locations":[{"start":{"line":521,"column":4},"end":{"line":525,"column":5}},{"start":{"line":523,"column":11},"end":{"line":525,"column":5}}],"line":521},"39":{"loc":{"start":{"line":529,"column":4},"end":{"line":531,"column":5}},"type":"if","locations":[{"start":{"line":529,"column":4},"end":{"line":531,"column":5}},{"start":{},"end":{}}],"line":529},"40":{"loc":{"start":{"line":538,"column":4},"end":{"line":548,"column":5}},"type":"switch","locations":[{"start":{"line":539,"column":8},"end":{"line":541,"column":18}},{"start":{"line":542,"column":8},"end":{"line":544,"column":18}},{"start":{"line":545,"column":8},"end":{"line":547,"column":18}}],"line":538},"41":{"loc":{"start":{"line":561,"column":8},"end":{"line":563,"column":9}},"type":"if","locations":[{"start":{"line":561,"column":8},"end":{"line":563,"column":9}},{"start":{},"end":{}}],"line":561},"42":{"loc":{"start":{"line":571,"column":4},"end":{"line":582,"column":5}},"type":"if","locations":[{"start":{"line":571,"column":4},"end":{"line":582,"column":5}},{"start":{},"end":{}}],"line":571},"43":{"loc":{"start":{"line":573,"column":12},"end":{"line":580,"column":13}},"type":"if","locations":[{"start":{"line":573,"column":12},"end":{"line":580,"column":13}},{"start":{},"end":{}}],"line":573},"44":{"loc":{"start":{"line":577,"column":16},"end":{"line":579,"column":17}},"type":"if","locations":[{"start":{"line":577,"column":16},"end":{"line":579,"column":17}},{"start":{},"end":{}}],"line":577},"45":{"loc":{"start":{"line":646,"column":4},"end":{"line":648,"column":5}},"type":"if","locations":[{"start":{"line":646,"column":4},"end":{"line":648,"column":5}},{"start":{},"end":{}}],"line":646},"46":{"loc":{"start":{"line":689,"column":4},"end":{"line":703,"column":5}},"type":"if","locations":[{"start":{"line":689,"column":4},"end":{"line":703,"column":5}},{"start":{},"end":{}}],"line":689},"47":{"loc":{"start":{"line":711,"column":4},"end":{"line":713,"column":5}},"type":"if","locations":[{"start":{"line":711,"column":4},"end":{"line":713,"column":5}},{"start":{},"end":{}}],"line":711},"48":{"loc":{"start":{"line":717,"column":8},"end":{"line":720,"column":9}},"type":"if","locations":[{"start":{"line":717,"column":8},"end":{"line":720,"column":9}},{"start":{},"end":{}}],"line":717},"49":{"loc":{"start":{"line":732,"column":46},"end":{"line":732,"column":88}},"type":"binary-expr","locations":[{"start":{"line":732,"column":46},"end":{"line":732,"column":79}},{"start":{"line":732,"column":83},"end":{"line":732,"column":88}}],"line":732},"50":{"loc":{"start":{"line":807,"column":12},"end":{"line":810,"column":13}},"type":"if","locations":[{"start":{"line":807,"column":12},"end":{"line":810,"column":13}},{"start":{},"end":{}}],"line":807},"51":{"loc":{"start":{"line":807,"column":16},"end":{"line":807,"column":82}},"type":"binary-expr","locations":[{"start":{"line":807,"column":16},"end":{"line":807,"column":53}},{"start":{"line":807,"column":57},"end":{"line":807,"column":82}}],"line":807},"52":{"loc":{"start":{"line":824,"column":12},"end":{"line":827,"column":13}},"type":"if","locations":[{"start":{"line":824,"column":12},"end":{"line":827,"column":13}},{"start":{},"end":{}}],"line":824},"53":{"loc":{"start":{"line":836,"column":16},"end":{"line":839,"column":17}},"type":"if","locations":[{"start":{"line":836,"column":16},"end":{"line":839,"column":17}},{"start":{},"end":{}}],"line":836},"54":{"loc":{"start":{"line":849,"column":12},"end":{"line":852,"column":13}},"type":"if","locations":[{"start":{"line":849,"column":12},"end":{"line":852,"column":13}},{"start":{},"end":{}}],"line":849},"55":{"loc":{"start":{"line":855,"column":16},"end":{"line":858,"column":17}},"type":"if","locations":[{"start":{"line":855,"column":16},"end":{"line":858,"column":17}},{"start":{},"end":{}}],"line":855},"56":{"loc":{"start":{"line":861,"column":16},"end":{"line":864,"column":17}},"type":"if","locations":[{"start":{"line":861,"column":16},"end":{"line":864,"column":17}},{"start":{},"end":{}}],"line":861},"57":{"loc":{"start":{"line":887,"column":16},"end":{"line":890,"column":17}},"type":"if","locations":[{"start":{"line":887,"column":16},"end":{"line":890,"column":17}},{"start":{},"end":{}}],"line":887},"58":{"loc":{"start":{"line":900,"column":12},"end":{"line":903,"column":13}},"type":"if","locations":[{"start":{"line":900,"column":12},"end":{"line":903,"column":13}},{"start":{},"end":{}}],"line":900},"59":{"loc":{"start":{"line":908,"column":34},"end":{"line":908,"column":99}},"type":"binary-expr","locations":[{"start":{"line":908,"column":34},"end":{"line":908,"column":50}},{"start":{"line":908,"column":54},"end":{"line":908,"column":99}}],"line":908},"60":{"loc":{"start":{"line":910,"column":16},"end":{"line":912,"column":17}},"type":"if","locations":[{"start":{"line":910,"column":16},"end":{"line":912,"column":17}},{"start":{},"end":{}}],"line":910},"61":{"loc":{"start":{"line":918,"column":16},"end":{"line":920,"column":17}},"type":"if","locations":[{"start":{"line":918,"column":16},"end":{"line":920,"column":17}},{"start":{},"end":{}}],"line":918},"62":{"loc":{"start":{"line":925,"column":16},"end":{"line":928,"column":17}},"type":"if","locations":[{"start":{"line":925,"column":16},"end":{"line":928,"column":17}},{"start":{},"end":{}}],"line":925}},"s":{"0":0,"1":0,"2":0,"3":0,"4":0,"5":0,"6":0,"7":0,"8":0,"9":0,"10":0,"11":0,"12":0,"13":0,"14":0,"15":0,"16":0,"17":0,"18":0,"19":0,"20":0,"21":0,"22":0,"23":0,"24":0,"25":0,"26":0,"27":0,"28":0,"29":0,"30":0,"31":0,"32":0,"33":0,"34":0,"35":0,"36":0,"37":0,"38":0,"39":0,"40":0,"41":0,"42":0,"43":0,"44":0,"45":0,"46":0,"47":0,"48":0,"49":0,"50":0,"51":0,"52":0,"53":0,"54":0,"55":0,"56":0,"57":0,"58":0,"59":0,"60":0,"61":0,"62":0,"63":0,"64":0,"65":0,"66":0,"67":0,"68":0,"69":0,"70":0,"71":0,"72":0,"73":0,"74":0,"75":0,"76":0,"77":0,"78":0,"79":0,"80":0,"81":0,"82":0,"83":0,"84":0,"85":0,"86":0,"87":0,"88":0,"89":0,"90":0,"91":0,"92":0,"93":0,"94":0,"95":0,"96":0,"97":0,"98":0,"99":0,"100":0,"101":0,"102":0,"103":0,"104":0,"105":0,"106":0,"107":0,"108":0,"109":0,"110":0,"111":0,"112":0,"113":0,"114":0,"115":0,"116":0,"117":0,"118":0,"119":0,"120":0,"121":0,"122":0,"123":0,"124":0,"125":0,"126":0,"127":0,"128":0,"129":0,"130":0,"131":0,"132":0,"133":0,"134":0,"135":0,"136":0,"137":0,"138":0,"139":0,"140":0,"141":0,"142":0,"143":0,"144":0,"145":0,"146":0,"147":0,"148":0,"149":0,"150":0,"151":0,"152":0,"153":0,"154":0,"155":0,"156":0,"157":0,"158":0,"159":0,"160":0,"161":0,"162":0,"163":0,"164":0,"165":0,"166":0,"167":0,"168":0,"169":0,"170":0,"171":0,"172":0,"173":0,"174":0,"175":0,"176":0,"177":0,"178":0,"179":0,"180":0,"181":0,"182":0,"183":0,"184":0,"185":0,"186":0,"187":0,"188":0,"189":0,"190":0,"191":0,"192":0,"193":0,"194":0,"195":0,"196":0,"197":0,"198":0,"199":0,"200":0,"201":0,"202":0,"203":0,"204":0,"205":0,"206":0,"207":0,"208":0,"209":0,"210":0,"211":0,"212":0,"213":0,"214":0,"215":0,"216":0,"217":0,"218":0,"219":0,"220":0,"221":0,"222":0,"223":0,"224":0,"225":0,"226":0,"227":0,"228":0,"229":0,"230":0,"231":0,"232":0,"233":0,"234":0,"235":0,"236":0,"237":0,"238":0,"239":0,"240":0,"241":0,"242":0,"243":0,"244":0,"245":0,"246":0,"247":0,"248":0,"249":0,"250":0,"251":0,"252":0,"253":0,"254":0,"255":0,"256":0,"257":0,"258":0,"259":0,"260":0,"261":0,"262":0,"263":0,"264":0,"265":0,"266":0,"267":0,"268":0,"269":0,"270":0,"271":0,"272":0,"273":0,"274":0,"275":0,"276":0,"277":0,"278":0,"279":0,"280":0,"281":0,"282":0,"283":0,"284":0,"285":0,"286":0,"287":0,"288":0,"289":0,"290":0,"291":0,"292":0,"293":0,"294":0,"295":0,"296":0,"297":0,"298":0,"299":0,"300":0,"301":0,"302":0,"303":0,"304":0,"305":0,"306":0,"307":0,"308":0,"309":0,"310":0,"311":0,"312":0,"313":0,"314":0,"315":0,"316":0,"317":0,"318":0,"319":0,"320":0,"321":0,"322":0,"323":0,"324":0,"325":0,"326":0,"327":0,"328":0,"329":0,"330":0,"331":0,"332":0,"333":0,"334":0,"335":0,"336":0,"337":0,"338":0,"339":0,"340":0,"341":0,"342":0,"343":0,"344":0,"345":0,"346":0,"347":0,"348":0,"349":0,"350":0,"351":0,"352":0,"353":0,"354":0,"355":0,"356":0,"357":0,"358":0,"359":0,"360":0,"361":0,"362":0,"363":0,"364":0,"365":0,"366":0,"367":0,"368":0,"369":0,"370":0,"371":0,"372":0,"373":0,"374":0,"375":0,"376":0,"377":0,"378":0,"379":0,"380":0,"381":0,"382":0,"383":0,"384":0,"385":0,"386":0,"387":0,"388":0,"389":0,"390":0,"391":0,"392":0,"393":0,"394":0,"395":0,"396":0,"397":0,"398":0,"399":0,"400":0,"401":0,"402":0,"403":0,"404":0,"405":0,"406":0,"407":0,"408":0,"409":0,"410":0,"411":0,"412":0,"413":0,"414":0,"415":0,"416":0,"417":0,"418":0,"419":0,"420":0,"421":0,"422":0,"423":0,"424":0,"425":0,"426":0,"427":0,"428":0,"429":0,"430":0,"431":0,"432":0,"433":0,"434":0,"435":0,"436":0,"437":0,"438":0,"439":0,"440":0,"441":0,"442":0,"443":0,"444":0},"f":{"0":0,"1":0,"2":0,"3":0,"4":0,"5":0,"6":0,"7":0,"8":0,"9":0,"10":0,"11":0,"12":0,"13":0,"14":0,"15":0,"16":0,"17":0,"18":0,"19":0,"20":0,"21":0,"22":0,"23":0,"24":0,"25":0,"26":0,"27":0,"28":0,"29":0,"30":0,"31":0,"32":0,"33":0},"b":{"0":[0,0],"1":[0,0],"2":[0,0],"3":[0,0],"4":[0,0],"5":[0,0],"6":[0,0],"7":[0,0],"8":[0,0],"9":[0,0],"10":[0,0],"11":[0,0],"12":[0,0],"13":[0,0],"14":[0,0],"15":[0,0],"16":[0,0],"17":[0,0],"18":[0,0],"19":[0,0],"20":[0,0],"21":[0,0],"22":[0,0],"23":[0,0],"24":[0,0],"25":[0,0],"26":[0,0],"27":[0,0],"28":[0,0],"29":[0,0],"30":[0,0],"31":[0,0],"32":[0,0],"33":[0,0],"34":[0,0],"35":[0,0],"36":[0,0],"37":[0],"38":[0,0],"39":[0,0],"40":[0,0,0],"41":[0,0],"42":[0,0],"43":[0,0],"44":[0,0],"45":[0,0],"46":[0,0],"47":[0,0],"48":[0,0],"49":[0,0],"50":[0,0],"51":[0,0],"52":[0,0],"53":[0,0],"54":[0,0],"55":[0,0],"56":[0,0],"57":[0,0],"58":[0,0],"59":[0,0],"60":[0,0],"61":[0,0],"62":[0,0]}}
,"/Users/luciusjmorningstar/Documents/GitHub/GazeTrackingCloud/js/database.js": {"path":"/Users/luciusjmorningstar/Documents/GitHub/GazeTrackingCloud/js/database.js","statementMap":{"0":{"start":{"line":6,"column":15},"end":{"line":248,"column":4}},"1":{"start":{"line":7,"column":20},"end":{"line":7,"column":36}},"2":{"start":{"line":8,"column":23},"end":{"line":8,"column":24}},"3":{"start":{"line":9,"column":23},"end":{"line":9,"column":33}},"4":{"start":{"line":10,"column":26},"end":{"line":10,"column":36}},"5":{"start":{"line":12,"column":13},"end":{"line":12,"column":17}},"6":{"start":{"line":18,"column":17},"end":{"line":51,"column":5}},"7":{"start":{"line":19,"column":8},"end":{"line":50,"column":11}},"8":{"start":{"line":20,"column":28},"end":{"line":20,"column":63}},"9":{"start":{"line":22,"column":12},"end":{"line":25,"column":14}},"10":{"start":{"line":23,"column":16},"end":{"line":23,"column":69}},"11":{"start":{"line":24,"column":16},"end":{"line":24,"column":43}},"12":{"start":{"line":27,"column":12},"end":{"line":31,"column":14}},"13":{"start":{"line":28,"column":16},"end":{"line":28,"column":41}},"14":{"start":{"line":29,"column":16},"end":{"line":29,"column":60}},"15":{"start":{"line":30,"column":16},"end":{"line":30,"column":28}},"16":{"start":{"line":33,"column":12},"end":{"line":49,"column":14}},"17":{"start":{"line":34,"column":27},"end":{"line":34,"column":46}},"18":{"start":{"line":37,"column":16},"end":{"line":41,"column":17}},"19":{"start":{"line":38,"column":38},"end":{"line":38,"column":110}},"20":{"start":{"line":39,"column":20},"end":{"line":39,"column":87}},"21":{"start":{"line":40,"column":20},"end":{"line":40,"column":87}},"22":{"start":{"line":44,"column":16},"end":{"line":48,"column":17}},"23":{"start":{"line":45,"column":41},"end":{"line":45,"column":116}},"24":{"start":{"line":46,"column":20},"end":{"line":46,"column":90}},"25":{"start":{"line":47,"column":20},"end":{"line":47,"column":86}},"26":{"start":{"line":57,"column":26},"end":{"line":84,"column":5}},"27":{"start":{"line":58,"column":8},"end":{"line":83,"column":11}},"28":{"start":{"line":59,"column":12},"end":{"line":62,"column":13}},"29":{"start":{"line":60,"column":16},"end":{"line":60,"column":62}},"30":{"start":{"line":61,"column":16},"end":{"line":61,"column":23}},"31":{"start":{"line":64,"column":32},"end":{"line":64,"column":76}},"32":{"start":{"line":65,"column":26},"end":{"line":65,"column":64}},"33":{"start":{"line":67,"column":28},"end":{"line":71,"column":13}},"34":{"start":{"line":73,"column":28},"end":{"line":73,"column":46}},"35":{"start":{"line":75,"column":12},"end":{"line":77,"column":14}},"36":{"start":{"line":76,"column":16},"end":{"line":76,"column":45}},"37":{"start":{"line":79,"column":12},"end":{"line":82,"column":14}},"38":{"start":{"line":80,"column":16},"end":{"line":80,"column":77}},"39":{"start":{"line":81,"column":16},"end":{"line":81,"column":43}},"40":{"start":{"line":92,"column":23},"end":{"line":131,"column":5}},"41":{"start":{"line":93,"column":8},"end":{"line":130,"column":11}},"42":{"start":{"line":94,"column":12},"end":{"line":97,"column":13}},"43":{"start":{"line":95,"column":16},"end":{"line":95,"column":62}},"44":{"start":{"line":96,"column":16},"end":{"line":96,"column":23}},"45":{"start":{"line":99,"column":32},"end":{"line":99,"column":76}},"46":{"start":{"line":100,"column":26},"end":{"line":100,"column":64}},"47":{"start":{"line":102,"column":28},"end":{"line":102,"column":48}},"48":{"start":{"line":104,"column":12},"end":{"line":124,"column":14}},"49":{"start":{"line":105,"column":32},"end":{"line":105,"column":51}},"50":{"start":{"line":106,"column":16},"end":{"line":109,"column":17}},"51":{"start":{"line":107,"column":20},"end":{"line":107,"column":80}},"52":{"start":{"line":108,"column":20},"end":{"line":108,"column":27}},"53":{"start":{"line":111,"column":16},"end":{"line":111,"column":45}},"54":{"start":{"line":112,"column":16},"end":{"line":112,"column":48}},"55":{"start":{"line":114,"column":38},"end":{"line":114,"column":56}},"56":{"start":{"line":116,"column":16},"end":{"line":118,"column":18}},"57":{"start":{"line":117,"column":20},"end":{"line":117,"column":30}},"58":{"start":{"line":120,"column":16},"end":{"line":123,"column":18}},"59":{"start":{"line":121,"column":20},"end":{"line":121,"column":81}},"60":{"start":{"line":122,"column":20},"end":{"line":122,"column":47}},"61":{"start":{"line":126,"column":12},"end":{"line":129,"column":14}},"62":{"start":{"line":127,"column":16},"end":{"line":127,"column":79}},"63":{"start":{"line":128,"column":16},"end":{"line":128,"column":43}},"64":{"start":{"line":139,"column":26},"end":{"line":166,"column":5}},"65":{"start":{"line":140,"column":8},"end":{"line":165,"column":11}},"66":{"start":{"line":141,"column":12},"end":{"line":144,"column":13}},"67":{"start":{"line":142,"column":16},"end":{"line":142,"column":62}},"68":{"start":{"line":143,"column":16},"end":{"line":143,"column":23}},"69":{"start":{"line":146,"column":32},"end":{"line":146,"column":73}},"70":{"start":{"line":147,"column":26},"end":{"line":147,"column":61}},"71":{"start":{"line":149,"column":32},"end":{"line":153,"column":13}},"72":{"start":{"line":155,"column":28},"end":{"line":155,"column":50}},"73":{"start":{"line":157,"column":12},"end":{"line":159,"column":14}},"74":{"start":{"line":158,"column":16},"end":{"line":158,"column":26}},"75":{"start":{"line":161,"column":12},"end":{"line":164,"column":14}},"76":{"start":{"line":162,"column":16},"end":{"line":162,"column":78}},"77":{"start":{"line":163,"column":16},"end":{"line":163,"column":43}},"78":{"start":{"line":173,"column":27},"end":{"line":195,"column":5}},"79":{"start":{"line":174,"column":8},"end":{"line":194,"column":11}},"80":{"start":{"line":175,"column":12},"end":{"line":178,"column":13}},"81":{"start":{"line":176,"column":16},"end":{"line":176,"column":62}},"82":{"start":{"line":177,"column":16},"end":{"line":177,"column":23}},"83":{"start":{"line":180,"column":32},"end":{"line":180,"column":72}},"84":{"start":{"line":181,"column":26},"end":{"line":181,"column":61}},"85":{"start":{"line":182,"column":26},"end":{"line":182,"column":50}},"86":{"start":{"line":184,"column":28},"end":{"line":184,"column":51}},"87":{"start":{"line":186,"column":12},"end":{"line":188,"column":14}},"88":{"start":{"line":187,"column":16},"end":{"line":187,"column":45}},"89":{"start":{"line":190,"column":12},"end":{"line":193,"column":14}},"90":{"start":{"line":191,"column":16},"end":{"line":191,"column":84}},"91":{"start":{"line":192,"column":16},"end":{"line":192,"column":43}},"92":{"start":{"line":201,"column":27},"end":{"line":222,"column":5}},"93":{"start":{"line":202,"column":8},"end":{"line":221,"column":11}},"94":{"start":{"line":203,"column":12},"end":{"line":206,"column":13}},"95":{"start":{"line":204,"column":16},"end":{"line":204,"column":62}},"96":{"start":{"line":205,"column":16},"end":{"line":205,"column":23}},"97":{"start":{"line":208,"column":32},"end":{"line":208,"column":75}},"98":{"start":{"line":209,"column":26},"end":{"line":209,"column":64}},"99":{"start":{"line":211,"column":28},"end":{"line":211,"column":42}},"100":{"start":{"line":213,"column":12},"end":{"line":215,"column":14}},"101":{"start":{"line":214,"column":16},"end":{"line":214,"column":45}},"102":{"start":{"line":217,"column":12},"end":{"line":220,"column":14}},"103":{"start":{"line":218,"column":16},"end":{"line":218,"column":80}},"104":{"start":{"line":219,"column":16},"end":{"line":219,"column":43}},"105":{"start":{"line":229,"column":30},"end":{"line":237,"column":5}},"106":{"start":{"line":230,"column":8},"end":{"line":236,"column":9}},"107":{"start":{"line":231,"column":32},"end":{"line":231,"column":63}},"108":{"start":{"line":232,"column":12},"end":{"line":232,"column":56}},"109":{"start":{"line":234,"column":12},"end":{"line":234,"column":66}},"110":{"start":{"line":235,"column":12},"end":{"line":235,"column":24}},"111":{"start":{"line":239,"column":4},"end":{"line":247,"column":6}}},"fnMap":{"0":{"name":"(anonymous_0)","decl":{"start":{"line":6,"column":16},"end":{"line":6,"column":17}},"loc":{"start":{"line":6,"column":22},"end":{"line":248,"column":1}},"line":6},"1":{"name":"(anonymous_1)","decl":{"start":{"line":18,"column":17},"end":{"line":18,"column":18}},"loc":{"start":{"line":18,"column":23},"end":{"line":51,"column":5}},"line":18},"2":{"name":"(anonymous_2)","decl":{"start":{"line":19,"column":27},"end":{"line":19,"column":28}},"loc":{"start":{"line":19,"column":48},"end":{"line":50,"column":9}},"line":19},"3":{"name":"(anonymous_3)","decl":{"start":{"line":22,"column":30},"end":{"line":22,"column":31}},"loc":{"start":{"line":22,"column":41},"end":{"line":25,"column":13}},"line":22},"4":{"name":"(anonymous_4)","decl":{"start":{"line":27,"column":32},"end":{"line":27,"column":33}},"loc":{"start":{"line":27,"column":43},"end":{"line":31,"column":13}},"line":27},"5":{"name":"(anonymous_5)","decl":{"start":{"line":33,"column":38},"end":{"line":33,"column":39}},"loc":{"start":{"line":33,"column":49},"end":{"line":49,"column":13}},"line":33},"6":{"name":"(anonymous_6)","decl":{"start":{"line":57,"column":26},"end":{"line":57,"column":27}},"loc":{"start":{"line":57,"column":32},"end":{"line":84,"column":5}},"line":57},"7":{"name":"(anonymous_7)","decl":{"start":{"line":58,"column":27},"end":{"line":58,"column":28}},"loc":{"start":{"line":58,"column":48},"end":{"line":83,"column":9}},"line":58},"8":{"name":"(anonymous_8)","decl":{"start":{"line":75,"column":32},"end":{"line":75,"column":33}},"loc":{"start":{"line":75,"column":43},"end":{"line":77,"column":13}},"line":75},"9":{"name":"(anonymous_9)","decl":{"start":{"line":79,"column":30},"end":{"line":79,"column":31}},"loc":{"start":{"line":79,"column":41},"end":{"line":82,"column":13}},"line":79},"10":{"name":"(anonymous_10)","decl":{"start":{"line":92,"column":23},"end":{"line":92,"column":24}},"loc":{"start":{"line":92,"column":50},"end":{"line":131,"column":5}},"line":92},"11":{"name":"(anonymous_11)","decl":{"start":{"line":93,"column":27},"end":{"line":93,"column":28}},"loc":{"start":{"line":93,"column":48},"end":{"line":130,"column":9}},"line":93},"12":{"name":"(anonymous_12)","decl":{"start":{"line":104,"column":32},"end":{"line":104,"column":33}},"loc":{"start":{"line":104,"column":43},"end":{"line":124,"column":13}},"line":104},"13":{"name":"(anonymous_13)","decl":{"start":{"line":116,"column":42},"end":{"line":116,"column":43}},"loc":{"start":{"line":116,"column":48},"end":{"line":118,"column":17}},"line":116},"14":{"name":"(anonymous_14)","decl":{"start":{"line":120,"column":40},"end":{"line":120,"column":41}},"loc":{"start":{"line":120,"column":51},"end":{"line":123,"column":17}},"line":120},"15":{"name":"(anonymous_15)","decl":{"start":{"line":126,"column":30},"end":{"line":126,"column":31}},"loc":{"start":{"line":126,"column":41},"end":{"line":129,"column":13}},"line":126},"16":{"name":"(anonymous_16)","decl":{"start":{"line":139,"column":26},"end":{"line":139,"column":27}},"loc":{"start":{"line":139,"column":51},"end":{"line":166,"column":5}},"line":139},"17":{"name":"(anonymous_17)","decl":{"start":{"line":140,"column":27},"end":{"line":140,"column":28}},"loc":{"start":{"line":140,"column":48},"end":{"line":165,"column":9}},"line":140},"18":{"name":"(anonymous_18)","decl":{"start":{"line":157,"column":32},"end":{"line":157,"column":33}},"loc":{"start":{"line":157,"column":38},"end":{"line":159,"column":13}},"line":157},"19":{"name":"(anonymous_19)","decl":{"start":{"line":161,"column":30},"end":{"line":161,"column":31}},"loc":{"start":{"line":161,"column":41},"end":{"line":164,"column":13}},"line":161},"20":{"name":"(anonymous_20)","decl":{"start":{"line":173,"column":27},"end":{"line":173,"column":28}},"loc":{"start":{"line":173,"column":42},"end":{"line":195,"column":5}},"line":173},"21":{"name":"(anonymous_21)","decl":{"start":{"line":174,"column":27},"end":{"line":174,"column":28}},"loc":{"start":{"line":174,"column":48},"end":{"line":194,"column":9}},"line":174},"22":{"name":"(anonymous_22)","decl":{"start":{"line":186,"column":32},"end":{"line":186,"column":33}},"loc":{"start":{"line":186,"column":43},"end":{"line":188,"column":13}},"line":186},"23":{"name":"(anonymous_23)","decl":{"start":{"line":190,"column":30},"end":{"line":190,"column":31}},"loc":{"start":{"line":190,"column":41},"end":{"line":193,"column":13}},"line":190},"24":{"name":"(anonymous_24)","decl":{"start":{"line":201,"column":27},"end":{"line":201,"column":28}},"loc":{"start":{"line":201,"column":33},"end":{"line":222,"column":5}},"line":201},"25":{"name":"(anonymous_25)","decl":{"start":{"line":202,"column":27},"end":{"line":202,"column":28}},"loc":{"start":{"line":202,"column":48},"end":{"line":221,"column":9}},"line":202},"26":{"name":"(anonymous_26)","decl":{"start":{"line":213,"column":32},"end":{"line":213,"column":33}},"loc":{"start":{"line":213,"column":43},"end":{"line":215,"column":13}},"line":213},"27":{"name":"(anonymous_27)","decl":{"start":{"line":217,"column":30},"end":{"line":217,"column":31}},"loc":{"start":{"line":217,"column":41},"end":{"line":220,"column":13}},"line":217},"28":{"name":"(anonymous_28)","decl":{"start":{"line":229,"column":30},"end":{"line":229,"column":31}},"loc":{"start":{"line":229,"column":51},"end":{"line":237,"column":5}},"line":229}},"branchMap":{"0":{"loc":{"start":{"line":37,"column":16},"end":{"line":41,"column":17}},"type":"if","locations":[{"start":{"line":37,"column":16},"end":{"line":41,"column":17}},{"start":{},"end":{}}],"line":37},"1":{"loc":{"start":{"line":44,"column":16},"end":{"line":48,"column":17}},"type":"if","locations":[{"start":{"line":44,"column":16},"end":{"line":48,"column":17}},{"start":{},"end":{}}],"line":44},"2":{"loc":{"start":{"line":59,"column":12},"end":{"line":62,"column":13}},"type":"if","locations":[{"start":{"line":59,"column":12},"end":{"line":62,"column":13}},{"start":{},"end":{}}],"line":59},"3":{"loc":{"start":{"line":94,"column":12},"end":{"line":97,"column":13}},"type":"if","locations":[{"start":{"line":94,"column":12},"end":{"line":97,"column":13}},{"start":{},"end":{}}],"line":94},"4":{"loc":{"start":{"line":106,"column":16},"end":{"line":109,"column":17}},"type":"if","locations":[{"start":{"line":106,"column":16},"end":{"line":109,"column":17}},{"start":{},"end":{}}],"line":106},"5":{"loc":{"start":{"line":141,"column":12},"end":{"line":144,"column":13}},"type":"if","locations":[{"start":{"line":141,"column":12},"end":{"line":144,"column":13}},{"start":{},"end":{}}],"line":141},"6":{"loc":{"start":{"line":175,"column":12},"end":{"line":178,"column":13}},"type":"if","locations":[{"start":{"line":175,"column":12},"end":{"line":178,"column":13}},{"start":{},"end":{}}],"line":175},"7":{"loc":{"start":{"line":203,"column":12},"end":{"line":206,"column":13}},"type":"if","locations":[{"start":{"line":203,"column":12},"end":{"line":206,"column":13}},{"start":{},"end":{}}],"line":203}},"s":{"0":0,"1":0,"2":0,"3":0,"4":0,"5":0,"6":0,"7":0,"8":0,"9":0,"10":0,"11":0,"12":0,"13":0,"14":0,"15":0,"16":0,"17":0,"18":0,"19":0,"20":0,"21":0,"22":0,"23":0,"24":0,"25":0,"26":0,"27":0,"28":0,"29":0,"30":0,"31":0,"32":0,"33":0,"34":0,"35":0,"36":0,"37":0,"38":0,"39":0,"40":0,"41":0,"42":0,"43":0,"44":0,"45":0,"46":0,"47":0,"48":0,"49":0,"50":0,"51":0,"52":0,"53":0,"54":0,"55":0,"56":0,"57":0,"58":0,"59":0,"60":0,"61":0,"62":0,"63":0,"64":0,"65":0,"66":0,"67":0,"68":0,"69":0,"70":0,"71":0,"72":0,"73":0,"74":0,"75":0,"76":0,"77":0,"78":0,"79":0,"80":0,"81":0,"82":0,"83":0,"84":0,"85":0,"86":0,"87":0,"88":0,"89":0,"90":0,"91":0,"92":0,"93":0,"94":0,"95":0,"96":0,"97":0,"98":0,"99":0,"100":0,"101":0,"102":0,"103":0,"104":0,"105":0,"106":0,"107":0,"108":0,"109":0,"110":0,"111":0},"f":{"0":0,"1":0,"2":0,"3":0,"4":0,"5":0,"6":0,"7":0,"8":0,"9":0,"10":0,"11":0,"12":0,"13":0,"14":0,"15":0,"16":0,"17":0,"18":0,"19":0,"20":0,"21":0,"22":0,"23":0,"24":0,"25":0,"26":0,"27":0,"28":0},"b":{"0":[0,0],"1":[0,0],"2":[0,0],"3":[0,0],"4":[0,0],"5":[0,0],"6":[0,0],"7":[0,0]}}
,"/Users/luciusjmorningstar/Documents/GitHub/GazeTrackingCloud/js/heatmap.js": {"path":"/Users/luciusjmorningstar/Documents/GitHub/GazeTrackingCloud/js/heatmap.js","statementMap":{"0":{"start":{"line":6,"column":20},"end":{"line":341,"column":4}},"1":{"start":{"line":7,"column":26},"end":{"line":7,"column":30}},"2":{"start":{"line":8,"column":20},"end":{"line":8,"column":24}},"3":{"start":{"line":9,"column":20},"end":{"line":9,"column":25}},"4":{"start":{"line":10,"column":22},"end":{"line":10,"column":23}},"5":{"start":{"line":16,"column":17},"end":{"line":51,"column":5}},"6":{"start":{"line":17,"column":8},"end":{"line":17,"column":57}},"7":{"start":{"line":19,"column":8},"end":{"line":22,"column":9}},"8":{"start":{"line":20,"column":12},"end":{"line":20,"column":82}},"9":{"start":{"line":21,"column":12},"end":{"line":21,"column":19}},"10":{"start":{"line":25,"column":23},"end":{"line":38,"column":9}},"11":{"start":{"line":41,"column":8},"end":{"line":41,"column":46}},"12":{"start":{"line":44,"column":8},"end":{"line":48,"column":11}},"13":{"start":{"line":50,"column":8},"end":{"line":50,"column":43}},"14":{"start":{"line":59,"column":25},"end":{"line":78,"column":5}},"15":{"start":{"line":60,"column":8},"end":{"line":63,"column":9}},"16":{"start":{"line":61,"column":12},"end":{"line":61,"column":53}},"17":{"start":{"line":62,"column":12},"end":{"line":62,"column":19}},"18":{"start":{"line":66,"column":8},"end":{"line":70,"column":11}},"19":{"start":{"line":72,"column":8},"end":{"line":72,"column":22}},"20":{"start":{"line":75,"column":8},"end":{"line":77,"column":9}},"21":{"start":{"line":76,"column":12},"end":{"line":76,"column":38}},"22":{"start":{"line":84,"column":29},"end":{"line":101,"column":5}},"23":{"start":{"line":85,"column":8},"end":{"line":88,"column":9}},"24":{"start":{"line":86,"column":12},"end":{"line":86,"column":53}},"25":{"start":{"line":87,"column":12},"end":{"line":87,"column":19}},"26":{"start":{"line":91,"column":8},"end":{"line":91,"column":16}},"27":{"start":{"line":94,"column":8},"end":{"line":98,"column":11}},"28":{"start":{"line":100,"column":8},"end":{"line":100,"column":73}},"29":{"start":{"line":106,"column":17},"end":{"line":121,"column":5}},"30":{"start":{"line":107,"column":8},"end":{"line":110,"column":9}},"31":{"start":{"line":108,"column":12},"end":{"line":108,"column":57}},"32":{"start":{"line":109,"column":12},"end":{"line":109,"column":19}},"33":{"start":{"line":112,"column":8},"end":{"line":112,"column":45}},"34":{"start":{"line":113,"column":8},"end":{"line":113,"column":25}},"35":{"start":{"line":116,"column":8},"end":{"line":118,"column":9}},"36":{"start":{"line":117,"column":12},"end":{"line":117,"column":38}},"37":{"start":{"line":120,"column":8},"end":{"line":120,"column":37}},"38":{"start":{"line":126,"column":17},"end":{"line":136,"column":5}},"39":{"start":{"line":127,"column":8},"end":{"line":130,"column":9}},"40":{"start":{"line":128,"column":12},"end":{"line":128,"column":57}},"41":{"start":{"line":129,"column":12},"end":{"line":129,"column":19}},"42":{"start":{"line":132,"column":8},"end":{"line":132,"column":42}},"43":{"start":{"line":133,"column":8},"end":{"line":133,"column":26}},"44":{"start":{"line":135,"column":8},"end":{"line":135,"column":38}},"45":{"start":{"line":141,"column":18},"end":{"line":156,"column":5}},"46":{"start":{"line":142,"column":8},"end":{"line":145,"column":9}},"47":{"start":{"line":143,"column":12},"end":{"line":143,"column":53}},"48":{"start":{"line":144,"column":12},"end":{"line":144,"column":19}},"49":{"start":{"line":147,"column":8},"end":{"line":151,"column":11}},"50":{"start":{"line":153,"column":8},"end":{"line":153,"column":24}},"51":{"start":{"line":155,"column":8},"end":{"line":155,"column":39}},"52":{"start":{"line":162,"column":26},"end":{"line":227,"column":5}},"53":{"start":{"line":163,"column":8},"end":{"line":166,"column":9}},"54":{"start":{"line":164,"column":12},"end":{"line":164,"column":53}},"55":{"start":{"line":165,"column":12},"end":{"line":165,"column":24}},"56":{"start":{"line":168,"column":8},"end":{"line":226,"column":9}},"57":{"start":{"line":170,"column":30},"end":{"line":170,"column":68}},"58":{"start":{"line":171,"column":12},"end":{"line":173,"column":13}},"59":{"start":{"line":172,"column":16},"end":{"line":172,"column":53}},"60":{"start":{"line":176,"column":12},"end":{"line":176,"column":38}},"61":{"start":{"line":179,"column":27},"end":{"line":179,"column":59}},"62":{"start":{"line":180,"column":24},"end":{"line":180,"column":47}},"63":{"start":{"line":183,"column":12},"end":{"line":183,"column":49}},"64":{"start":{"line":184,"column":12},"end":{"line":184,"column":51}},"65":{"start":{"line":187,"column":12},"end":{"line":187,"column":36}},"66":{"start":{"line":188,"column":12},"end":{"line":188,"column":60}},"67":{"start":{"line":191,"column":34},"end":{"line":191,"column":67}},"68":{"start":{"line":192,"column":12},"end":{"line":194,"column":13}},"69":{"start":{"line":193,"column":16},"end":{"line":193,"column":51}},"70":{"start":{"line":197,"column":12},"end":{"line":197,"column":36}},"71":{"start":{"line":198,"column":12},"end":{"line":198,"column":36}},"72":{"start":{"line":199,"column":12},"end":{"line":199,"column":49}},"73":{"start":{"line":201,"column":30},"end":{"line":201,"column":54}},"74":{"start":{"line":202,"column":12},"end":{"line":202,"column":36}},"75":{"start":{"line":203,"column":12},"end":{"line":203,"column":60}},"76":{"start":{"line":206,"column":12},"end":{"line":211,"column":13}},"77":{"start":{"line":207,"column":34},"end":{"line":207,"column":67}},"78":{"start":{"line":208,"column":16},"end":{"line":210,"column":17}},"79":{"start":{"line":209,"column":20},"end":{"line":209,"column":69}},"80":{"start":{"line":214,"column":28},"end":{"line":214,"column":57}},"81":{"start":{"line":217,"column":12},"end":{"line":219,"column":13}},"82":{"start":{"line":218,"column":16},"end":{"line":218,"column":50}},"83":{"start":{"line":221,"column":12},"end":{"line":221,"column":53}},"84":{"start":{"line":222,"column":12},"end":{"line":222,"column":27}},"85":{"start":{"line":224,"column":12},"end":{"line":224,"column":70}},"86":{"start":{"line":225,"column":12},"end":{"line":225,"column":24}},"87":{"start":{"line":232,"column":24},"end":{"line":273,"column":5}},"88":{"start":{"line":233,"column":24},"end":{"line":233,"column":39}},"89":{"start":{"line":234,"column":8},"end":{"line":237,"column":9}},"90":{"start":{"line":235,"column":12},"end":{"line":235,"column":63}},"91":{"start":{"line":236,"column":12},"end":{"line":236,"column":19}},"92":{"start":{"line":240,"column":20},"end":{"line":240,"column":30}},"93":{"start":{"line":241,"column":24},"end":{"line":241,"column":54}},"94":{"start":{"line":242,"column":24},"end":{"line":242,"column":73}},"95":{"start":{"line":245,"column":26},"end":{"line":245,"column":28}},"96":{"start":{"line":246,"column":8},"end":{"line":251,"column":9}},"97":{"start":{"line":247,"column":30},"end":{"line":247,"column":63}},"98":{"start":{"line":248,"column":12},"end":{"line":250,"column":13}},"99":{"start":{"line":249,"column":16},"end":{"line":249,"column":54}},"100":{"start":{"line":254,"column":25},"end":{"line":254,"column":79}},"101":{"start":{"line":257,"column":21},"end":{"line":257,"column":48}},"102":{"start":{"line":258,"column":8},"end":{"line":258,"column":28}},"103":{"start":{"line":259,"column":8},"end":{"line":259,"column":33}},"104":{"start":{"line":260,"column":8},"end":{"line":260,"column":36}},"105":{"start":{"line":263,"column":8},"end":{"line":263,
[...]
lumn":8},"end":{"line":145,"column":9}},"type":"if","locations":[{"start":{"line":142,"column":8},"end":{"line":145,"column":9}},{"start":{},"end":{}}],"line":142},"7":{"loc":{"start":{"line":142,"column":12},"end":{"line":142,"column":43}},"type":"binary-expr","locations":[{"start":{"line":142,"column":12},"end":{"line":142,"column":28}},{"start":{"line":142,"column":32},"end":{"line":142,"column":43}}],"line":142},"8":{"loc":{"start":{"line":149,"column":8},"end":{"line":166,"column":9}},"type":"if","locations":[{"start":{"line":149,"column":8},"end":{"line":166,"column":9}},{"start":{"line":163,"column":15},"end":{"line":166,"column":9}}],"line":149},"9":{"loc":{"start":{"line":153,"column":12},"end":{"line":162,"column":13}},"type":"if","locations":[{"start":{"line":153,"column":12},"end":{"line":162,"column":13}},{"start":{},"end":{}}],"line":153},"10":{"loc":{"start":{"line":157,"column":16},"end":{"line":161,"column":17}},"type":"if","locations":[{"start":{"line":157,"column":16},"end":{"line":161,"column":17}},{"start":{},"end":{}}],"line":157},"11":{"loc":{"start":{"line":157,"column":20},"end":{"line":157,"column":85}},"type":"binary-expr","locations":[{"start":{"line":157,"column":20},"end":{"line":157,"column":34}},{"start":{"line":157,"column":38},"end":{"line":157,"column":85}}],"line":157},"12":{"loc":{"start":{"line":176,"column":12},"end":{"line":180,"column":13}},"type":"if","locations":[{"start":{"line":176,"column":12},"end":{"line":180,"column":13}},{"start":{},"end":{}}],"line":176},"13":{"loc":{"start":{"line":201,"column":16},"end":{"line":207,"column":17}},"type":"if","locations":[{"start":{"line":201,"column":16},"end":{"line":207,"column":17}},{"start":{"line":204,"column":23},"end":{"line":207,"column":17}}],"line":201},"14":{"loc":{"start":{"line":226,"column":8},"end":{"line":229,"column":9}},"type":"if","locations":[{"start":{"line":226,"column":8},"end":{"line":229,"column":9}},{"start":{},"end":{}}],"line":226},"15":{"loc":{"start":{"line":232,"column":8},"end":{"line":248,"column":9}},"type":"if","locations":[{"start":{"line":232,"column":8},"end":{"line":248,"column":9}},{"start":{},"end":{}}],"line":232},"16":{"loc":{"start":{"line":239,"column":16},"end":{"line":242,"column":17}},"type":"if","locations":[{"start":{"line":239,"column":16},"end":{"line":242,"column":17}},{"start":{},"end":{}}],"line":239},"17":{"loc":{"start":{"line":267,"column":12},"end":{"line":315,"column":13}},"type":"if","locations":[{"start":{"line":267,"column":12},"end":{"line":315,"column":13}},{"start":{"line":312,"column":19},"end":{"line":315,"column":13}}],"line":267},"18":{"loc":{"start":{"line":269,"column":16},"end":{"line":294,"column":17}},"type":"if","locations":[{"start":{"line":269,"column":16},"end":{"line":294,"column":17}},{"start":{},"end":{}}],"line":269},"19":{"loc":{"start":{"line":275,"column":20},"end":{"line":293,"column":21}},"type":"if","locations":[{"start":{"line":275,"column":20},"end":{"line":293,"column":21}},{"start":{"line":277,"column":27},"end":{"line":293,"column":21}}],"line":275},"20":{"loc":{"start":{"line":329,"column":16},"end":{"line":362,"column":17}},"type":"if","locations":[{"start":{"line":329,"column":16},"end":{"line":362,"column":17}},{"start":{},"end":{}}],"line":329},"21":{"loc":{"start":{"line":329,"column":20},"end":{"line":329,"column":73}},"type":"binary-expr","locations":[{"start":{"line":329,"column":20},"end":{"line":329,"column":39}},{"start":{"line":329,"column":43},"end":{"line":329,"column":73}}],"line":329},"22":{"loc":{"start":{"line":334,"column":24},"end":{"line":360,"column":25}},"type":"if","locations":[{"start":{"line":334,"column":24},"end":{"line":360,"column":25}},{"start":{},"end":{}}],"line":334},"23":{"loc":{"start":{"line":334,"column":28},"end":{"line":334,"column":108}},"type":"binary-expr","locations":[{"start":{"line":334,"column":28},"end":{"line":334,"column":53}},{"start":{"line":334,"column":58},"end":{"line":334,"column":76}},{"start":{"line":334,"column":80},"end":{"line":334,"column":107}}],"line":334},"24":{"loc":{"start":{"line":335,"column":49},"end":{"line":335,"column":111}},"type":"cond-expr","locations":[{"start":{"line":335,"column":77},"end":{"line":335,"column":81}},{"start":{"line":335,"column":84},"end":{"line":335,"column":111}}],"line":335},"25":{"loc":{"start":{"line":337,"column":28},"end":{"line":359,"column":29}},"type":"if","locations":[{"start":{"line":337,"column":28},"end":{"line":359,"column":29}},{"start":{},"end":{}}],"line":337},"26":{"loc":{"start":{"line":337,"column":32},"end":{"line":337,"column":62}},"type":"binary-expr","locations":[{"start":{"line":337,"column":32},"end":{"line":337,"column":44}},{"start":{"line":337,"column":48},"end":{"line":337,"column":62}}],"line":337},"27":{"loc":{"start":{"line":380,"column":8},"end":{"line":383,"column":9}},"type":"if","locations":[{"start":{"line":380,"column":8},"end":{"line":383,"column":9}},{"start":{},"end":{}}],"line":380},"28":{"loc":{"start":{"line":389,"column":12},"end":{"line":391,"column":13}},"type":"if","locations":[{"start":{"line":389,"column":12},"end":{"line":391,"column":13}},{"start":{},"end":{}}],"line":389},"29":{"loc":{"start":{"line":397,"column":12},"end":{"line":400,"column":13}},"type":"if","locations":[{"start":{"line":397,"column":12},"end":{"line":400,"column":13}},{"start":{},"end":{}}],"line":397},"30":{"loc":{"start":{"line":403,"column":12},"end":{"line":424,"column":13}},"type":"if","locations":[{"start":{"line":403,"column":12},"end":{"line":424,"column":13}},{"start":{},"end":{}}],"line":403},"31":{"loc":{"start":{"line":437,"column":12},"end":{"line":439,"column":13}},"type":"if","locations":[{"start":{"line":437,"column":12},"end":{"line":439,"column":13}},{"start":{},"end":{}}],"line":437},"32":{"loc":{"start":{"line":437,"column":16},"end":{"line":437,"column":67}},"type":"binary-expr","locations":[{"start":{"line":437,"column":16},"end":{"line":437,"column":34}},{"start":{"line":437,"column":38},"end":{"line":437,"column":67}}],"line":437},"33":{"loc":{"start":{"line":442,"column":12},"end":{"line":449,"column":13}},"type":"if","locations":[{"start":{"line":442,"column":12},"end":{"line":449,"column":13}},{"start":{},"end":{}}],"line":442},"34":{"loc":{"start":{"line":442,"column":16},"end":{"line":442,"column":70}},"type":"binary-expr","locations":[{"start":{"line":442,"column":16},"end":{"line":442,"column":30}},{"start":{"line":442,"column":34},"end":{"line":442,"column":70}}],"line":442},"35":{"loc":{"start":{"line":465,"column":8},"end":{"line":479,"column":9}},"type":"if","locations":[{"start":{"line":465,"column":8},"end":{"line":479,"column":9}},{"start":{},"end":{}}],"line":465},"36":{"loc":{"start":{"line":465,"column":12},"end":{"line":465,"column":37}},"type":"binary-expr","locations":[{"start":{"line":465,"column":12},"end":{"line":465,"column":23}},{"start":{"line":465,"column":27},"end":{"line":465,"column":37}}],"line":465},"37":{"loc":{"start":{"line":466,"column":12},"end":{"line":478,"column":13}},"type":"if","locations":[{"start":{"line":466,"column":12},"end":{"line":478,"column":13}},{"start":{"line":472,"column":19},"end":{"line":478,"column":13}}],"line":466},"38":{"loc":{"start":{"line":469,"column":16},"end":{"line":471,"column":17}},"type":"if","locations":[{"start":{"line":469,"column":16},"end":{"line":471,"column":17}},{"start":{},"end":{}}],"line":469},"39":{"loc":{"start":{"line":475,"column":16},"end":{"line":477,"column":17}},"type":"if","locations":[{"start":{"line":475,"column":16},"end":{"line":477,"column":17}},{"start":{},"end":{}}],"line":475},"40":{"loc":{"start":{"line":489,"column":8},"end":{"line":492,"column":9}},"type":"if","locations":[{"start":{"line":489,"column":8},"end":{"line":492,"column":9}},{"start":{},"end":{}}],"line":489},"41":{"loc":{"start":{"line":495,"column":8},"end":{"line":498,"column":9}},"type":"if","locations":[{"start":{"line":495,"column":8},"end":{"line":498,"column":9}},{"start":{},"end":{}}],"line":495},"42":{"loc":{"start":{"line":502,"column":8},"end":{"line":504,"column":9}},"type":"if","locations":[{"start":{"line":502,"column":8},"end":{"line":504,"column":9}},{"start":{},"end":{}}],"line":502},"43":{"loc":{"start":{"line":507,"column":8},"end":{"line":531,"column":9}},"type":"if","locations":[{"start":{"line":507,"column":8},"end":{"line":531,"column":9}},{"start":{},"end":{}}],"line":507},"44":{"loc":{"start":{"line":512,"column":12},"end":{"line":530,"column":13}},"type":"if","locations":[{"start":{"line":512,"column":12},"end":{"line":530,"column":13}},{"start":{"line":514,"column":19},"end":{"line":530,"column":13}}],"line":512},"45":{"loc":{"start":{"line":534,"column":8},"end":{"line":545,"column":9}},"type":"if","locations":[{"start":{"line":534,"column":8},"end":{"line":545,"column":9}},{"start":{"line":542,"column":15},"end":{"line":545,"column":9}}],"line":534},"46":{"loc":{"start":{"line":553,"column":8},"end":{"line":555,"column":9}},"type":"if","locations":[{"start":{"line":553,"column":8},"end":{"line":555,"column":9}},{"start":{},"end":{}}],"line":553},"47":{"loc":{"start":{"line":553,"column":12},"end":{"line":553,"column":41}},"type":"binary-expr","locations":[{"start":{"line":553,"column":12},"end":{"line":553,"column":23}},{"start":{"line":553,"column":27},"end":{"line":553,"column":41}}],"line":553},"48":{"loc":{"start":{"line":561,"column":8},"end":{"line":563,"column":9}},"type":"if","locations":[{"start":{"line":561,"column":8},"end":{"line":563,"column":9}},{"start":{},"end":{}}],"line":561},"49":{"loc":{"start":{"line":569,"column":8},"end":{"line":578,"column":9}},"type":"if","locations":[{"start":{"line":569,"column":8},"end":{"line":578,"column":9}},{"start":{},"end":{}}],"line":569},"50":{"loc":{"start":{"line":587,"column":8},"end":{"line":589,"column":9}},"type":"if","locations":[{"start":{"line":587,"column":8},"end":{"line":589,"column":9}},{"start":{},"end":{}}],"line":587},"51":{"loc":{"start":{"line":595,"column":8},"end":{"line":597,"column":9}},"type":"if","locations":[{"start":{"line":595,"column":8},"end":{"line":597,"column":9}},{"start":{},"end":{}}],"line":595},"52":{"loc":{"start":{"line":619,"column":27},"end":{"line":619,"column":45}},"type":"binary-expr","locations":[{"start":{"line":619,"column":27},"end":{"line":619,"column":31}},{"start":{"line":619,"column":35},"end":{"line":619,"column":45}}],"line":619},"53":{"loc":{"start":{"line":653,"column":12},"end":{"line":658,"column":13}},"type":"if","locations":[{"start":{"line":653,"column":12},"end":{"line":658,"column":13}},{"start":{"line":656,"column":19},"end":{"line":658,"column":13}}],"line":653},"54":{"loc":{"start":{"line":657,"column":32},"end":{"line":657,"column":87}},"type":"binary-expr","locations":[{"start":{"line":657,"column":32},"end":{"line":657,"column":44}},{"start":{"line":657,"column":48},"end":{"line":657,"column":87}}],"line":657},"55":{"loc":{"start":{"line":672,"column":8},"end":{"line":674,"column":9}},"type":"if","locations":[{"start":{"line":672,"column":8},"end":{"line":674,"column":9}},{"start":{},"end":{}}],"line":672},"56":{"loc":{"start":{"line":672,"column":12},"end":{"line":672,"column":46}},"type":"binary-expr","locations":[{"start":{"line":672,"column":12},"end":{"line":672,"column":21}},{"start":{"line":672,"column":25},"end":{"line":672,"column":46}}],"line":672},"57":{"loc":{"start":{"line":728,"column":8},"end":{"line":741,"column":9}},"type":"switch","locations":[{"start":{"line":729,"column":12},"end":{"line":730,"column":31}},{"start":{"line":731,"column":12},"end":{"line":732,"column":33}},{"start":{"line":733,"column":12},"end":{"line":734,"column":37}},{"start":{"line":735,"column":12},"end":{"line":736,"column":41}},{"start":{"line":737,"column":12},"end":{"line":738,"column":42}},{"start":{"line":739,"column":12},"end":{"line":740,"column":44}}],"line":728},"58":{"loc":{"start":{"line":772,"column":8},"end":{"line":775,"column":9}},"type":"if","locations":[{"start":{"line":772,"column":8},"end":{"line":775,"column":9}},{"start":{},"end":{}}],"line":772},"59":{"loc":{"start":{"line":772,"column":12},"end":{"line":772,"column":40}},"type":"binary-expr","locations":[{"start":{"line":772,"column":12},"end":{"line":772,"column":24}},{"start":{"line":772,"column":28},"end":{"line":772,"column":40}}],"line":772},"60":{"loc":{"start":{"line":785,"column":8},"end":{"line":789,"column":9}},"type":"if","locations":[{"start":{"line":785,"column":8},"end":{"line":789,"column":9}},{"start":{},"end":{}}],"line":785},"61":{"loc":{"start":{"line":785,"column":12},"end":{"line":785,"column":56}},"type":"binary-expr","locations":[{"start":{"line":785,"column":12},"end":{"line":785,"column":24}},{"start":{"line":785,"column":28},"end":{"line":785,"column":40}},{"start":{"line":785,"column":44},"end":{"line":785,"column":56}}],"line":785},"62":{"loc":{"start":{"line":796,"column":8},"end":{"line":798,"column":9}},"type":"if","locations":[{"start":{"line":796,"column":8},"end":{"line":798,"column":9}},{"start":{},"end":{}}],"line":796},"63":{"loc":{"start":{"line":805,"column":8},"end":{"line":807,"column":9}},"type":"if","locations":[{"start":{"line":805,"column":8},"end":{"line":807,"column":9}},{"start":{},"end":{}}],"line":805},"64":{"loc":{"start":{"line":805,"column":12},"end":{"line":805,"column":49}},"type":"binary-expr","locations":[{"start":{"line":805,"column":12},"end":{"line":805,"column":35}},{"start":{"line":805,"column":39},"end":{"line":805,"column":49}}],"line":805},"65":{"loc":{"start":{"line":825,"column":8},"end":{"line":839,"column":9}},"type":"if","locations":[{"start":{"line":825,"column":8},"end":{"line":839,"column":9}},{"start":{},"end":{}}],"line":825},"66":{"loc":{"start":{"line":859,"column":8},"end":{"line":864,"column":9}},"type":"if","locations":[{"start":{"line":859,"column":8},"end":{"line":864,"column":9}},{"start":{"line":861,"column":15},"end":{"line":864,"column":9}}],"line":859},"67":{"loc":{"start":{"line":871,"column":8},"end":{"line":875,"column":9}},"type":"if","locations":[{"start":{"line":871,"column":8},"end":{"line":875,"column":9}},{"start":{},"end":{}}],"line":871},"68":{"loc":{"start":{"line":911,"column":8},"end":{"line":915,"column":9}},"type":"if","locations":[{"start":{"line":911,"column":8},"end":{"line":915,"column":9}},{"start":{},"end":{}}],"line":911},"69":{"loc":{"start":{"line":911,"column":12},"end":{"line":911,"column":57}},"type":"binary-expr","locations":[{"start":{"line":911,"column":12},"end":{"line":911,"column":29}},{"start":{"line":911,"column":33},"end":{"line":911,"column":57}}],"line":911},"70":{"loc":{"start":{"line":921,"column":12},"end":{"line":923,"column":13}},"type":"if","locations":[{"start":{"line":921,"column":12},"end":{"line":923,"column":13}},{"start":{},"end":{}}],"line":921},"71":{"loc":{"start":{"line":921,"column":16},"end":{"line":921,"column":60}},"type":"binary-expr","locations":[{"start":{"line":921,"column":16},"end":{"line":921,"column":40}},{"start":{"line":921,"column":44},"end":{"line":921,"column":60}}],"line":921},"72":{"loc":{"start":{"line":949,"column":8},"end":{"line":953,"column":9}},"type":"if","locations":[{"start":{"line":949,"column":8},"end":{"line":953,"column":9}},{"start":{},"end":{}}],"line":949}},"s":{"0":0,"1":0,"2":0,"3":0,"4":0,"5":0,"6":0,"7":0,"8":0,"9":0,"10":0,"11":0,"12":0,"13":0,"14":0,"15":0,"16":0,"17":0,"18":0,"19":0,"20":0,"21":0,"22":0,"23":0,"24":0,"25":0,"26":0,"27":0,"28":0,"29":0,"30":0,"31":0,"32":0,"33":0,"34":0,"35":0,"36":0,"37":0,"38":0,"39":0,"40":0,"41":0,"42":0,"43":0,"44":0,"45":0,"46":0,"47":0,"48":0,"49":0,"50":0,"51":0,"52":0,"53":0,"54":0,"55":0,"56":0,"57":0,"58":0,"59":0,"60":0,"61":0,"62":0,"63":0,"64":0,"65":0,"66":0,"67":0,"68":0,"69":0,"70":0,"71":0,"72":0,"73":0,"74":0,"75":0,"76":0,"77":0,"78":0,"79":0,"80":0,"81":0,"82":0,"83":0,"84":0,"85":0,"86":0,"87":0,"88":0,"89":0,"90":0,"91":0,"92":0,"93":0,"94":0,"95":0,"96":0,"97":0,"98":0,"99":0,"100":0,"101":0,"102":0,"103":0,"104":0,"105":0,"106":0,"107":0,"108":0,"109":0,"110":0,"111":0,"112":0,"113":0,"114":0,"115":0,"116":0,"117":0,"118":0,"119":0,"120":0,"121":0,"122":0,"123":0,"124":0,"125":0,"126":0,"127":0,"128":0,"129":0,"130":0,"131":0,"132":0,"133":0,"134":0,"135":0,"136":0,"137":0,"138":0,"139":0,"140":0,"141":0,"142":0,"143":0,"144":0,"145":0,"146":0,"147":0,"148":0,"149":0,"150":0,"151":0,"152":0,"153":0,"154":0,"155":0,"156":0,"157":0,"158":0,"159":0,"160":0,"161":0,"162":0,"163":0,"164":0,"165":0,"166":0,"167":0,"168":0,"169":0,"170":0,"171":0,"172":0,"173":0,"174":0,"175":0,"176":0,"177":0,"178":0,"179":0,"180":0,"181":0,"182":0,"183":0,"184":0,"185":0,"186":0,"187":0,"188":0,"189":0,"190":0,"191":0,"192":0,"193":0,"194":0,"195":0,"196":0,"197":0,"198":0,"199":0,"200":0,"201":0,"202":0,"203":0,"204":0,"205":0,"206":0,"207":0,"208":0,"209":0,"210":0,"211":0,"212":0,"213":0,"214":0,"215":0,"216":0,"217":0,"218":0,"219":0,"220":0,"221":0,"222":0,"223":0,"224":0,"225":0,"226":0,"227":0,"228":0,"229":0,"230":0,"231":0,"232":0,"233":0,"234":0,"235":0,"236":0,"237":0,"238":0,"239":0,"240":0,"241":0,"242":0,"243":0,"244":0,"245":0,"246":0,"247":0,"248":0,"249":0,"250":0,"251":0,"252":0,"253":0,"254":0,"255":0,"256":0,"257":0,"258":0,"259":0,"260":0,"261":0,"262":0,"263":0,"264":0,"265":0,"266":0,"267":0,"268":0,"269":0,"270":0,"271":0,"272":0,"273":0,"274":0,"275":0,"276":0,"277":0,"278":0,"279":0,"280":0,"281":0,"282":0,"283":0,"284":0,"285":0,"286":0,"287":0,"288":0,"289":0,"290":0,"291":0,"292":0,"293":0,"294":0,"295":0,"296":0,"297":0,"298":0,"299":0,"300":0,"301":0,"302":0,"303":0,"304":0,"305":0,"306":0,"307":0,"308":0,"309":0,"310":0,"311":0,"312":0,"313":0,"314":0,"315":0,"316":0,"317":0,"318":0,"319":0,"320":0,"321":0,"322":0,"323":0,"324":0,"325":0,"326":0,"327":0,"328":0,"329":0,"330":0,"331":0,"332":0,"333":0,"334":0,"335":0,"336":0,"337":0,"338":0,"339":0,"340":0,"341":0,"342":0,"343":0,"344":0,"345":0,"346":0,"347":0,"348":0,"349":0,"350":0,"351":0,"352":0,"353":0,"354":0,"355":0,"356":0,"357":0,"358":0,"359":0,"360":0,"361":0,"362":0,"363":0,"364":0,"365":0,"366":0,"367":0,"368":0,"369":0,"370":0,"371":0,"372":0,"373":0,"374":0,"375":0,"376":0,"377":0,"378":0,"379":0,"380":0,"381":0,"382":0,"383":0,"384":0,"385":0,"386":0,"387":0,"388":0,"389":0,"390":0,"391":0,"392":0,"393":0,"394":0,"395":0,"396":0,"397":0,"398":0,"399":0,"400":0,"401":0,"402":0,"403":0,"404":0,"405":0,"406":0,"407":0,"408":0,"409":0,"410":0,"411":0,"412":0,"413":0,"414":0,"415":0,"416":0,"417":0,"418":0,"419":0,"420":0,"421":0,"422":0,"423":0,"424":0,"425":0,"426":0,"427":0,"428":0,"429":0,"430":0,"431":0,"432":0,"433":0,"434":0,"435":0,"436":0,"437":0,"438":0,"439":0,"440":0,"441":0,"442":0,"443":0,"444":0,"445":0,"446":0,"447":0,"448":0,"449":0,"450":0,"451":0,"452":0,"453":0,"454":0,"455":0},"f":{"0":0,"1":0,"2":0,"3":0,"4":0,"5":0,"6":0,"7":0,"8":0,"9":0,"10":0,"11":0,"12":0,"13":0,"14":0,"15":0,"16":0,"17":0,"18":0,"19":0,"20":0,"21":0,"22":0,"23":0,"24":0,"25":0,"26":0,"27":0,"28":0,"29":0,"30":0,"31":0,"32":0,"33":0,"34":0,"35":0,"36":0,"37":0,"38":0,"39":0,"40":0,"41":0,"42":0,"43":0,"44":0,"45":0,"46":0},"b":{"0":[0,0],"1":[0,0],"2":[0,0],"3":[0,0],"4":[0,0],"5":[0,0],"6":[0,0],"7":[0,0],"8":[0,0],"9":[0,0],"10":[0,0],"11":[0,0],"12":[0,0],"13":[0,0],"14":[0,0],"15":[0,0],"16":[0,0],"17":[0,0],"18":[0,0],"19":[0,0],"20":[0,0],"21":[0,0],"22":[0,0],"23":[0,0,0],"24":[0,0],"25":[0,0],"26":[0,0],"27":[0,0],"28":[0,0],"29":[0,0],"30":[0,0],"31":[0,0],"32":[0,0],"33":[0,0],"34":[0,0],"35":[0,0],"36":[0,0],"37":[0,0],"38":[0,0],"39":[0,0],"40":[0,0],"41":[0,0],"42":[0,0],"43":[0,0],"44":[0,0],"45":[0,0],"46":[0,0],"47":[0,0],"48":[0,0],"49":[0,0],"50":[0,0],"51":[0,0],"52":[0,0],"53":[0,0],"54":[0,0],"55":[0,0],"56":[0,0],"57":[0,0,0,0,0,0],"58":[0,0],"59":[0,0],"60":[0,0],"61":[0,0,0],"62":[0,0],"63":[0,0],"64":[0,0],"65":[0,0],"66":[0,0],"67":[0,0],"68":[0,0],"69":[0,0],"70":[0,0],"71":[0,0],"72":[0,0]}}
}
