TN:
SF:js/app.js
FN:6,(anonymous_0)
FN:10,(anonymous_1)
FN:46,(anonymous_2)
FN:70,addButtonStyles
FN:117,checkCameraPermissions
FN:128,(anonymous_5)
FN:144,(anonymous_6)
FN:146,(anonymous_7)
FN:165,setupEventListeners
FN:171,(anonymous_9)
FN:184,(anonymous_10)
FN:226,(anonymous_11)
FN:282,(anonymous_12)
FN:333,(anonymous_13)
FN:361,(anonymous_14)
FN:372,updateAPIStatus
FN:408,initializeChart
FN:457,(anonymous_17)
FN:475,updateChartWithSessionData
FN:495,(anonymous_19)
FN:498,(anonymous_20)
FN:519,showError
FN:557,(anonymous_22)
FN:572,(anonymous_23)
FN:589,createErrorContainer
FN:644,addHeatmapControls
FN:673,(anonymous_26)
FN:709,displayHeatmapSummary
FN:746,handleExportData
FN:806,(anonymous_29)
FN:814,(anonymous_30)
FN:819,(anonymous_31)
FN:844,(anonymous_32)
FN:895,(anonymous_33)
FNF:34
FNH:0
FNDA:0,(anonymous_0)
FNDA:0,(anonymous_1)
FNDA:0,(anonymous_2)
FNDA:0,addButtonStyles
FNDA:0,checkCameraPermissions
FNDA:0,(anonymous_5)
FNDA:0,(anonymous_6)
FNDA:0,(anonymous_7)
FNDA:0,setupEventListeners
FNDA:0,(anonymous_9)
FNDA:0,(anonymous_10)
FNDA:0,(anonymous_11)
FNDA:0,(anonymous_12)
FNDA:0,(anonymous_13)
FNDA:0,(anonymous_14)
FNDA:0,updateAPIStatus
FNDA:0,initializeChart
FNDA:0,(anonymous_17)
FNDA:0,updateChartWithSessionData
FNDA:0,(anonymous_19)
FNDA:0,(anonymous_20)
FNDA:0,showError
FNDA:0,(anonymous_22)
FNDA:0,(anonymous_23)
FNDA:0,createErrorContainer
FNDA:0,addHeatmapControls
FNDA:0,(anonymous_26)
FNDA:0,displayHeatmapSummary
FNDA:0,handleExportData
FNDA:0,(anonymous_29)
FNDA:0,(anonymous_30)
FNDA:0,(anonymous_31)
FNDA:0,(anonymous_32)
FNDA:0,(anonymous_33)
DA:6,0
DA:7,0
DA:10,0
DA:11,0
DA:12,0
DA:13,0
DA:14,0
DA:18,0
DA:21,0
DA:22,0
DA:23,0
DA:25,0
DA:26,0
DA:27,0
DA:31,0
DA:32,0
DA:33,0
DA:35,0
DA:36,0
DA:40,0
DA:43,0
DA:46,0
DA:47,0
DA:48,0
DA:51,0
DA:52,0
DA:54,0
DA:56,0
DA:57,0
DA:62,0
DA:64,0
DA:71,0
DA:72,0
DA:111,0
DA:118,0
DA:121,0
DA:122,0
DA:123,0
DA:124,0
DA:127,0
DA:130,0
DA:133,0
DA:134,0
DA:135,0
DA:136,0
DA:140,0
DA:141,0
DA:144,0
DA:147,0
DA:150,0
DA:151,0
DA:152,0
DA:153,0
DA:154,0
DA:155,0
DA:157,0
DA:166,0
DA:169,0
DA:170,0
DA:171,0
DA:172,0
DA:174,0
DA:175,0
DA:177,0
DA:178,0
DA:179,0
DA:182,0
DA:183,0
DA:184,0
DA:185,0
DA:187,0
DA:188,0
DA:189,0
DA:193,0
DA:195,0
DA:196,0
DA:199,0
DA:200,0
DA:201,0
DA:202,0
DA:203,0
DA:208,0
DA:209,0
DA:212,0
DA:213,0
DA:215,0
DA:216,0
DA:220,0
DA:224,0
DA:225,0
DA:226,0
DA:227,0
DA:229,0
DA:230,0
DA:232,0
DA:234,0
DA:235,0
DA:237,0
DA:240,0
DA:243,0
DA:244,0
DA:245,0
DA:247,0
DA:248,0
DA:251,0
DA:252,0
DA:253,0
DA:257,0
DA:258,0
DA:259,0
DA:260,0
DA:261,0
DA:262,0
DA:263,0
DA:264,0
DA:268,0
DA:269,0
DA:271,0
DA:272,0
DA:276,0
DA:280,0
DA:281,0
DA:282,0
DA:283,0
DA:285,0
DA:286,0
DA:287,0
DA:288,0
DA:291,0
DA:292,0
DA:293,0
DA:296,0
DA:299,0
DA:301,0
DA:303,0
DA:304,0
DA:307,0
DA:308,0
DA:309,0
DA:313,0
DA:314,0
DA:315,0
DA:319,0
DA:323,0
DA:324,0
DA:325,0
DA:327,0
DA:331,0
DA:332,0
DA:333,0
DA:334,0
DA:336,0
DA:337,0
DA:338,0
DA:339,0
DA:341,0
DA:342,0
DA:343,0
DA:345,0
DA:347,0
DA:348,0
DA:350,0
DA:351,0
DA:355,0
DA:359,0
DA:360,0
DA:361,0
DA:362,0
DA:363,0
DA:364,0
DA:373,0
DA:374,0
DA:376,0
DA:377,0
DA:378,0
DA:381,0
DA:382,0
DA:384,0
DA:385,0
DA:386,0
DA:388,0
DA:389,0
DA:392,0
DA:393,0
DA:394,0
DA:395,0
DA:396,0
DA:400,0
DA:401,0
DA:409,0
DA:410,0
DA:411,0
DA:412,0
DA:415,0
DA:416,0
DA:458,0
DA:466,0
DA:468,0
DA:476,0
DA:477,0
DA:478,0
DA:481,0
DA:482,0
DA:483,0
DA:484,0
DA:485,0
DA:488,0
DA:489,0
DA:490,0
DA:491,0
DA:495,0
DA:498,0
DA:504,0
DA:505,0
DA:507,0
DA:509,0
DA:521,0
DA:522,0
DA:524,0
DA:528,0
DA:529,0
DA:530,0
DA:534,0
DA:535,0
DA:538,0
DA:540,0
DA:541,0
DA:543,0
DA:544,0
DA:546,0
DA:547,0
DA:551,0
DA:554,0
DA:555,0
DA:556,0
DA:557,0
DA:558,0
DA:561,0
DA:562,0
DA:566,0
DA:567,0
DA:568,0
DA:571,0
DA:572,0
DA:573,0
DA:574,0
DA:577,0
DA:578,0
DA:590,0
DA:591,0
DA:592,0
DA:593,0
DA:594,0
DA:595,0
DA:596,0
DA:597,0
DA:600,0
DA:601,0
DA:634,0
DA:635,0
DA:637,0
DA:646,0
DA:647,0
DA:651,0
DA:652,0
DA:653,0
DA:654,0
DA:655,0
DA:656,0
DA:657,0
DA:658,0
DA:661,0
DA:662,0
DA:663,0
DA:664,0
DA:665,0
DA:666,0
DA:667,0
DA:668,0
DA:669,0
DA:670,0
DA:673,0
DA:674,0
DA:675,0
DA:677,0
DA:678,0
DA:683,0
DA:686,0
DA:689,0
DA:690,0
DA:691,0
DA:692,0
DA:693,0
DA:694,0
DA:695,0
DA:696,0
DA:697,0
DA:698,0
DA:699,0
DA:700,0
DA:702,0
DA:710,0
DA:711,0
DA:712,0
DA:715,0
DA:716,0
DA:717,0
DA:718,0
DA:719,0
DA:723,0
DA:726,0
DA:735,0
DA:737,0
DA:738,0
DA:747,0
DA:749,0
DA:750,0
DA:753,0
DA:754,0
DA:755,0
DA:756,0
DA:757,0
DA:758,0
DA:759,0
DA:760,0
DA:761,0
DA:762,0
DA:763,0
DA:765,0
DA:766,0
DA:767,0
DA:768,0
DA:769,0
DA:770,0
DA:771,0
DA:772,0
DA:773,0
DA:774,0
DA:775,0
DA:777,0
DA:778,0
DA:779,0
DA:780,0
DA:781,0
DA:782,0
DA:783,0
DA:784,0
DA:785,0
DA:786,0
DA:787,0
DA:789,0
DA:790,0
DA:791,0
DA:792,0
DA:793,0
DA:794,0
DA:795,0
DA:796,0
DA:797,0
DA:798,0
DA:800,0
DA:801,0
DA:802,0
DA:803,0
DA:806,0
DA:807,0
DA:808,0
DA:809,0
DA:814,0
DA:815,0
DA:819,0
DA:820,0
DA:821,0
DA:823,0
DA:824,0
DA:825,0
DA:826,0
DA:829,0
DA:830,0
DA:831,0
DA:833,0
DA:834,0
DA:836,0
DA:837,0
DA:838,0
DA:844,0
DA:845,0
DA:846,0
DA:848,0
DA:849,0
DA:850,0
DA:851,0
DA:854,0
DA:855,0
DA:856,0
DA:857,0
DA:860,0
DA:861,0
DA:862,0
DA:863,0
DA:867,0
DA:868,0
DA:869,0
DA:872,0
DA:873,0
DA:874,0
DA:875,0
DA:876,0
DA:877,0
DA:878,0
DA:879,0
DA:880,0
DA:882,0
DA:884,0
DA:885,0
DA:887,0
DA:888,0
DA:889,0
DA:895,0
DA:896,0
DA:897,0
DA:899,0
DA:900,0
DA:901,0
DA:902,0
DA:905,0
DA:907,0
DA:908,0
DA:910,0
DA:911,0
DA:915,0
DA:918,0
DA:919,0
DA:922,0
DA:923,0
DA:925,0
DA:926,0
DA:927,0
DA:932,0
DA:933,0
DA:938,0
LF:441
LH:0
BRDA:48,0,0,0
BRDA:48,0,1,0
BRDA:121,1,0,0
BRDA:121,1,1,0
BRDA:121,2,0,0
BRDA:121,2,1,0
BRDA:133,3,0,0
BRDA:133,3,1,0
BRDA:150,4,0,0
BRDA:150,4,1,0
BRDA:152,5,0,0
BRDA:152,5,1,0
BRDA:154,6,0,0
BRDA:154,6,1,0
BRDA:170,7,0,0
BRDA:170,7,1,0
BRDA:177,8,0,0
BRDA:177,8,1,0
BRDA:193,9,0,0
BRDA:193,9,1,0
BRDA:193,10,0,0
BRDA:193,10,1,0
BRDA:200,11,0,0
BRDA:200,11,1,0
BRDA:202,12,0,0
BRDA:202,12,1,0
BRDA:225,13,0,0
BRDA:225,13,1,0
BRDA:232,14,0,0
BRDA:232,14,1,0
BRDA:243,15,0,0
BRDA:243,15,1,0
BRDA:252,16,0,0
BRDA:252,16,1,0
BRDA:258,17,0,0
BRDA:258,17,1,0
BRDA:258,18,0,0
BRDA:258,18,1,0
BRDA:281,19,0,0
BRDA:281,19,1,0
BRDA:287,20,0,0
BRDA:287,20,1,0
BRDA:291,21,0,0
BRDA:291,21,1,0
BRDA:308,22,0,0
BRDA:308,22,1,0
BRDA:324,23,0,0
BRDA:324,23,1,0
BRDA:332,24,0,0
BRDA:332,24,1,0
BRDA:360,25,0,0
BRDA:360,25,1,0
BRDA:376,26,0,0
BRDA:376,26,1,0
BRDA:376,27,0,0
BRDA:376,27,1,0
BRDA:384,28,0,0
BRDA:384,28,1,0
BRDA:388,29,0,0
BRDA:388,29,1,0
BRDA:393,30,0,0
BRDA:393,30,1,0
BRDA:393,31,0,0
BRDA:393,31,1,0
BRDA:410,32,0,0
BRDA:410,32,1,0
BRDA:476,33,0,0
BRDA:476,33,1,0
BRDA:483,34,0,0
BRDA:483,34,1,0
BRDA:489,35,0,0
BRDA:489,35,1,0
BRDA:489,36,0,0
BRDA:489,36,1,0
BRDA:519,37,0,0
BRDA:521,38,0,0
BRDA:521,38,1,0
BRDA:529,39,0,0
BRDA:529,39,1,0
BRDA:538,40,0,0
BRDA:538,40,1,0
BRDA:538,40,2,0
BRDA:561,41,0,0
BRDA:561,41,1,0
BRDA:571,42,0,0
BRDA:571,42,1,0
BRDA:573,43,0,0
BRDA:573,43,1,0
BRDA:577,44,0,0
BRDA:577,44,1,0
BRDA:646,45,0,0
BRDA:646,45,1,0
BRDA:689,46,0,0
BRDA:689,46,1,0
BRDA:711,47,0,0
BRDA:711,47,1,0
BRDA:717,48,0,0
BRDA:717,48,1,0
BRDA:732,49,0,0
BRDA:732,49,1,0
BRDA:807,50,0,0
BRDA:807,50,1,0
BRDA:807,51,0,0
BRDA:807,51,1,0
BRDA:824,52,0,0
BRDA:824,52,1,0
BRDA:836,53,0,0
BRDA:836,53,1,0
BRDA:849,54,0,0
BRDA:849,54,1,0
BRDA:855,55,0,0
BRDA:855,55,1,0
BRDA:861,56,0,0
BRDA:861,56,1,0
BRDA:887,57,0,0
BRDA:887,57,1,0
BRDA:900,58,0,0
BRDA:900,58,1,0
BRDA:908,59,0,0
BRDA:908,59,1,0
BRDA:910,60,0,0
BRDA:910,60,1,0
BRDA:918,61,0,0
BRDA:918,61,1,0
BRDA:925,62,0,0
BRDA:925,62,1,0
BRF:126
BRH:0
end_of_record
TN:
SF:js/database.js
FN:6,(anonymous_0)
FN:18,(anonymous_1)
FN:19,(anonymous_2)
FN:22,(anonymous_3)
FN:27,(anonymous_4)
FN:33,(anonymous_5)
FN:57,(anonymous_6)
FN:58,(anonymous_7)
FN:75,(anonymous_8)
FN:79,(anonymous_9)
FN:92,(anonymous_10)
FN:93,(anonymous_11)
FN:104,(anonymous_12)
FN:116,(anonymous_13)
FN:120,(anonymous_14)
FN:126,(anonymous_15)
FN:139,(anonymous_16)
FN:140,(anonymous_17)
FN:157,(anonymous_18)
FN:161,(anonymous_19)
FN:174,(anonymous_20)
FN:175,(anonymous_21)
FN:190,(anonymous_22)
FN:194,(anonymous_23)
FN:200,(anonymous_24)
FN:216,(anonymous_25)
FN:217,(anonymous_26)
FN:229,(anonymous_27)
FN:233,(anonymous_28)
FN:247,(anonymous_29)
FN:248,(anonymous_30)
FN:261,(anonymous_31)
FN:279,(anonymous_32)
FN:286,(anonymous_33)
FN:289,(anonymous_34)
FN:297,(anonymous_35)
FN:305,(anonymous_36)
FN:317,(anonymous_37)
FN:318,(anonymous_38)
FN:330,(anonymous_39)
FN:334,(anonymous_40)
FN:345,(anonymous_41)
FN:346,(anonymous_42)
FN:357,(anonymous_43)
FN:361,(anonymous_44)
FN:373,(anonymous_45)
FNF:46
FNH:0
FNDA:0,(anonymous_0)
FNDA:0,(anonymous_1)
FNDA:0,(anonymous_2)
FNDA:0,(anonymous_3)
FNDA:0,(anonymous_4)
FNDA:0,(anonymous_5)
FNDA:0,(anonymous_6)
FNDA:0,(anonymous_7)
FNDA:0,(anonymous_8)
FNDA:0,(anonymous_9)
FNDA:0,(anonymous_10)
FNDA:0,(anonymous_11)
FNDA:0,(anonymous_12)
FNDA:0,(anonymous_13)
FNDA:0,(anonymous_14)
FNDA:0,(anonymous_15)
FNDA:0,(anonymous_16)
FNDA:0,(anonymous_17)
FNDA:0,(anonymous_18)
FNDA:0,(anonymous_19)
FNDA:0,(anonymous_20)
FNDA:0,(anonymous_21)
FNDA:0,(anonymous_22)
FNDA:0,(anonymous_23)
FNDA:0,(anonymous_24)
FNDA:0,(anonymous_25)
FNDA:0,(anonymous_26)
FNDA:0,(anonymous_27)
FNDA:0,(anonymous_28)
FNDA:0,(anonymous_29)
FNDA:0,(anonymous_30)
FNDA:0,(anonymous_31)
FNDA:0,(anonymous_32)
FNDA:0,(anonymous_33)
FNDA:0,(anonymous_34)
FNDA:0,(anonymous_35)
FNDA:0,(anonymous_36)
FNDA:0,(anonymous_37)
FNDA:0,(anonymous_38)
FNDA:0,(anonymous_39)
FNDA:0,(anonymous_40)
FNDA:0,(anonymous_41)
FNDA:0,(anonymous_42)
FNDA:0,(anonymous_43)
FNDA:0,(anonymous_44)
FNDA:0,(anonymous_45)
DA:6,0
DA:7,0
DA:8,0
DA:9,0
DA:10,0
DA:12,0
DA:18,0
DA:19,0
DA:20,0
DA:22,0
DA:23,0
DA:24,0
DA:27,0
DA:28,0
DA:29,0
DA:30,0
DA:33,0
DA:34,0
DA:37,0
DA:38,0
DA:39,0
DA:40,0
DA:44,0
DA:45,0
DA:46,0
DA:47,0
DA:57,0
DA:58,0
DA:59,0
DA:60,0
DA:61,0
DA:64,0
DA:65,0
DA:67,0
DA:73,0
DA:75,0
DA:76,0
DA:79,0
DA:80,0
DA:81,0
DA:92,0
DA:93,0
DA:94,0
DA:95,0
DA:96,0
DA:99,0
DA:100,0
DA:102,0
DA:104,0
DA:105,0
DA:106,0
DA:107,0
DA:108,0
DA:111,0
DA:112,0
DA:114,0
DA:116,0
DA:117,0
DA:120,0
DA:121,0
DA:122,0
DA:126,0
DA:127,0
DA:128,0
DA:139,0
DA:140,0
DA:141,0
DA:142,0
DA:143,0
DA:146,0
DA:147,0
DA:149,0
DA:155,0
DA:157,0
DA:158,0
DA:161,0
DA:162,0
DA:163,0
DA:174,0
DA:175,0
DA:176,0
DA:177,0
DA:178,0
DA:181,0
DA:182,0
DA:183,0
DA:186,0
DA:187,0
DA:190,0
DA:191,0
DA:194,0
DA:195,0
DA:196,0
DA:200,0
DA:201,0
DA:206,0
DA:216,0
DA:217,0
DA:218,0
DA:219,0
DA:220,0
DA:223,0
DA:224,0
DA:225,0
DA:227,0
DA:229,0
DA:230,0
DA:233,0
DA:234,0
DA:235,0
DA:247,0
DA:248,0
DA:249,0
DA:250,0
DA:251,0
DA:254,0
DA:255,0
DA:256,0
DA:259,0
DA:261,0
DA:262,0
DA:265,0
DA:266,0
DA:267,0
DA:271,0
DA:272,0
DA:275,0
DA:276,0
DA:279,0
DA:280,0
DA:281,0
DA:286,0
DA:287,0
DA:289,0
DA:290,0
DA:291,0
DA:293,0
DA:294,0
DA:297,0
DA:298,0
DA:299,0
DA:300,0
DA:305,0
DA:306,0
DA:307,0
DA:317,0
DA:318,0
DA:319,0
DA:320,0
DA:321,0
DA:324,0
DA:325,0
DA:326,0
DA:328,0
DA:330,0
DA:331,0
DA:334,0
DA:335,0
DA:336,0
DA:345,0
DA:346,0
DA:347,0
DA:348,0
DA:349,0
DA:352,0
DA:353,0
DA:355,0
DA:357,0
DA:358,0
DA:361,0
DA:362,0
DA:363,0
DA:373,0
DA:374,0
DA:375,0
DA:376,0
DA:378,0
DA:379,0
DA:383,0
LF:179
LH:0
BRDA:37,0,0,0
BRDA:37,0,1,0
BRDA:44,1,0,0
BRDA:44,1,1,0
BRDA:59,2,0,0
BRDA:59,2,1,0
BRDA:94,3,0,0
BRDA:94,3,1,0
BRDA:106,4,0,0
BRDA:106,4,1,0
BRDA:141,5,0,0
BRDA:141,5,1,0
BRDA:176,6,0,0
BRDA:176,6,1,0
BRDA:181,7,0,0
BRDA:181,7,1,0
BRDA:181,8,0,0
BRDA:181,8,1,0
BRDA:218,9,0,0
BRDA:218,9,1,0
BRDA:247,10,0,0
BRDA:247,11,0,0
BRDA:249,12,0,0
BRDA:249,12,1,0
BRDA:265,13,0,0
BRDA:265,13,1,0
BRDA:265,14,0,0
BRDA:265,14,1,0
BRDA:265,14,2,0
BRDA:280,15,0,0
BRDA:280,15,1,0
BRDA:290,16,0,0
BRDA:290,16,1,0
BRDA:319,17,0,0
BRDA:319,17,1,0
BRDA:347,18,0,0
BRDA:347,18,1,0
BRF:37
BRH:0
end_of_record
TN:
SF:js/heatmap.js
FN:6,(anonymous_0)
FN:25,(anonymous_1)
FN:68,(anonymous_2)
FN:92,(anonymous_3)
FN:98,(anonymous_4)
FN:116,(anonymous_5)
FN:132,(anonymous_6)
FN:145,(anonymous_7)
FN:166,(anonymous_8)
FN:182,(anonymous_9)
FN:209,(anonymous_10)
FN:230,(anonymous_11)
FN:245,(anonymous_12)
FN:269,(anonymous_13)
FN:339,(anonymous_14)
FN:386,(anonymous_15)
FN:411,(anonymous_16)
FNF:17
FNH:0
FNDA:0,(anonymous_0)
FNDA:0,(anonymous_1)
FNDA:0,(anonymous_2)
FNDA:0,(anonymous_3)
FNDA:0,(anonymous_4)
FNDA:0,(anonymous_5)
FNDA:0,(anonymous_6)
FNDA:0,(anonymous_7)
FNDA:0,(anonymous_8)
FNDA:0,(anonymous_9)
FNDA:0,(anonymous_10)
FNDA:0,(anonymous_11)
FNDA:0,(anonymous_12)
FNDA:0,(anonymous_13)
FNDA:0,(anonymous_14)
FNDA:0,(anonymous_15)
FNDA:0,(anonymous_16)
DA:6,0
DA:7,0
DA:8,0
DA:9,0
DA:10,0
DA:13,0
DA:14,0
DA:15,0
DA:17,0
DA:18,0
DA:19,0
DA:25,0
DA:26,0
DA:28,0
DA:29,0
DA:30,0
DA:34,0
DA:50,0
DA:53,0
DA:59,0
DA:68,0
DA:69,0
DA:70,0
DA:71,0
DA:75,0
DA:81,0
DA:84,0
DA:85,0
DA:92,0
DA:93,0
DA:94,0
DA:98,0
DA:99,0
DA:103,0
DA:106,0
DA:107,0
DA:108,0
DA:109,0
DA:111,0
DA:112,0
DA:113,0
DA:115,0
DA:116,0
DA:117,0
DA:118,0
DA:119,0
DA:120,0
DA:126,0
DA:132,0
DA:133,0
DA:134,0
DA:138,0
DA:141,0
DA:142,0
DA:145,0
DA:148,0
DA:149,0
DA:152,0
DA:158,0
DA:166,0
DA:167,0
DA:168,0
DA:169,0
DA:173,0
DA:176,0
DA:177,0
DA:178,0
DA:181,0
DA:182,0
DA:183,0
DA:186,0
DA:187,0
DA:188,0
DA:189,0
DA:193,0
DA:197,0
DA:203,0
DA:209,0
DA:210,0
DA:211,0
DA:212,0
DA:215,0
DA:216,0
DA:219,0
DA:220,0
DA:221,0
DA:224,0
DA:230,0
DA:231,0
DA:232,0
DA:233,0
DA:236,0
DA:237,0
DA:239,0
DA:245,0
DA:246,0
DA:247,0
DA:248,0
DA:251,0
DA:257,0
DA:258,0
DA:259,0
DA:260,0
DA:262,0
DA:269,0
DA:270,0
DA:271,0
DA:272,0
DA:275,0
DA:277,0
DA:278,0
DA:279,0
DA:283,0
DA:286,0
DA:287,0
DA:290,0
DA:291,0
DA:294,0
DA:295,0
DA:298,0
DA:299,0
DA:300,0
DA:304,0
DA:305,0
DA:306,0
DA:308,0
DA:309,0
DA:310,0
DA:313,0
DA:314,0
DA:315,0
DA:316,0
DA:321,0
DA:324,0
DA:325,0
DA:328,0
DA:329,0
DA:331,0
DA:332,0
DA:339,0
DA:340,0
DA:341,0
DA:342,0
DA:343,0
DA:347,0
DA:348,0
DA:349,0
DA:352,0
DA:353,0
DA:354,0
DA:355,0
DA:356,0
DA:361,0
DA:364,0
DA:365,0
DA:366,0
DA:367,0
DA:370,0
DA:371,0
DA:372,0
DA:374,0
DA:377,0
DA:378,0
DA:386,0
DA:387,0
DA:388,0
DA:389,0
DA:392,0
DA:393,0
DA:394,0
DA:395,0
DA:405,0
DA:406,0
DA:407,0
DA:408,0
DA:411,0
DA:412,0
DA:413,0
DA:414,0
DA:417,0
DA:420,0
DA:421,0
DA:422,0
DA:424,0
DA:432,0
DA:433,0
DA:437,0
LF:187
LH:0
BRDA:28,0,0,0
BRDA:28,0,1,0
BRDA:68,1,0,0
BRDA:69,2,0,0
BRDA:69,2,1,0
BRDA:84,3,0,0
BRDA:84,3,1,0
BRDA:93,4,0,0
BRDA:93,4,1,0
BRDA:93,5,0,0
BRDA:93,5,1,0
BRDA:107,6,0,0
BRDA:107,6,1,0
BRDA:108,7,0,0
BRDA:108,7,1,0
BRDA:113,8,0,0
BRDA:113,8,1,0
BRDA:117,9,0,0
BRDA:117,9,1,0
BRDA:117,10,0,0
BRDA:117,10,1,0
BRDA:133,11,0,0
BRDA:133,11,1,0
BRDA:141,12,0,0
BRDA:141,12,1,0
BRDA:141,13,0,0
BRDA:141,13,1,0
BRDA:167,14,0,0
BRDA:167,14,1,0
BRDA:177,15,0,0
BRDA:177,15,1,0
BRDA:181,16,0,0
BRDA:181,16,1,0
BRDA:181,17,0,0
BRDA:181,17,1,0
BRDA:210,18,0,0
BRDA:210,18,1,0
BRDA:219,19,0,0
BRDA:219,19,1,0
BRDA:231,20,0,0
BRDA:231,20,1,0
BRDA:246,21,0,0
BRDA:246,21,1,0
BRDA:270,22,0,0
BRDA:270,22,1,0
BRDA:270,23,0,0
BRDA:270,23,1,0
BRDA:278,24,0,0
BRDA:278,24,1,0
BRDA:299,25,0,0
BRDA:299,25,1,0
BRDA:313,26,0,0
BRDA:313,26,1,0
BRDA:313,27,0,0
BRDA:313,27,1,0
BRDA:315,28,0,0
BRDA:315,28,1,0
BRDA:324,29,0,0
BRDA:324,29,1,0
BRDA:341,30,0,0
BRDA:341,30,1,0
BRDA:353,31,0,0
BRDA:353,31,1,0
BRDA:353,32,0,0
BRDA:353,32,1,0
BRDA:355,33,0,0
BRDA:355,33,1,0
BRDA:377,34,0,0
BRDA:377,34,1,0
BRDA:377,35,0,0
BRDA:377,35,1,0
BRDA:387,36,0,0
BRDA:387,36,1,0
BRDA:394,37,0,0
BRDA:394,37,1,0
BRDA:394,38,0,0
BRDA:394,38,1,0
BRDA:394,38,2,0
BRF:78
BRH:0
end_of_record
TN:
SF:js/tracking.js
FN:6,(anonymous_0)
FN:44,(anonymous_1)
FN:66,(anonymous_2)
FN:81,(anonymous_3)
FN:95,(anonymous_4)
FN:98,(anonymous_5)
FN:127,(anonymous_6)
FN:128,(anonymous_7)
FN:130,(anonymous_8)
FN:151,(anonymous_9)
FN:185,(anonymous_10)
FN:186,(anonymous_11)
FN:202,(anonymous_12)
FN:208,(anonymous_13)
FN:223,(anonymous_14)
FN:237,(anonymous_15)
FN:342,(anonymous_16)
FN:344,(anonymous_17)
FN:345,(anonymous_18)
FN:396,(anonymous_19)
FN:483,(anonymous_20)
FN:511,(anonymous_21)
FN:575,(anonymous_22)
FN:610,(anonymous_23)
FN:633,(anonymous_24)
FN:671,(anonymous_25)
FN:704,(anonymous_26)
FN:737,(anonymous_27)
FN:777,(anonymous_28)
FN:799,(anonymous_29)
FN:821,(anonymous_30)
FN:834,(anonymous_31)
FN:845,(anonymous_32)
FN:854,(anonymous_33)
FN:870,(anonymous_34)
FN:896,(anonymous_35)
FN:905,(anonymous_36)
FN:920,(anonymous_37)
FN:932,(anonymous_38)
FN:953,(anonymous_39)
FN:960,(anonymous_40)
FN:998,(anonymous_41)
FN:1018,(anonymous_42)
FN:1026,(anonymous_43)
FN:1034,(anonymous_44)
FN:1042,(anonymous_45)
FN:1049,(anonymous_46)
FN:1075,(anonymous_47)
FN:1103,(anonymous_48)
FN:1113,(anonymous_49)
FNF:50
FNH:0
FNDA:0,(anonymous_0)
FNDA:0,(anonymous_1)
FNDA:0,(anonymous_2)
FNDA:0,(anonymous_3)
FNDA:0,(anonymous_4)
FNDA:0,(anonymous_5)
FNDA:0,(anonymous_6)
FNDA:0,(anonymous_7)
FNDA:0,(anonymous_8)
FNDA:0,(anonymous_9)
FNDA:0,(anonymous_10)
FNDA:0,(anonymous_11)
FNDA:0,(anonymous_12)
FNDA:0,(anonymous_13)
FNDA:0,(anonymous_14)
FNDA:0,(anonymous_15)
FNDA:0,(anonymous_16)
FNDA:0,(anonymous_17)
FNDA:0,(anonymous_18)
FNDA:0,(anonymous_19)
FNDA:0,(anonymous_20)
FNDA:0,(anonymous_21)
FNDA:0,(anonymous_22)
FNDA:0,(anonymous_23)
FNDA:0,(anonymous_24)
FNDA:0,(anonymous_25)
FNDA:0,(anonymous_26)
FNDA:0,(anonymous_27)
FNDA:0,(anonymous_28)
FNDA:0,(anonymous_29)
FNDA:0,(anonymous_30)
FNDA:0,(anonymous_31)
FNDA:0,(anonymous_32)
FNDA:0,(anonymous_33)
FNDA:0,(anonymous_34)
FNDA:0,(anonymous_35)
FNDA:0,(anonymous_36)
FNDA:0,(anonymous_37)
FNDA:0,(anonymous_38)
FNDA:0,(anonymous_39)
FNDA:0,(anonymous_40)
FNDA:0,(anonymous_41)
FNDA:0,(anonymous_42)
FNDA:0,(anonymous_43)
FNDA:0,(anonymous_44)
FNDA:0,(anonymous_45)
FNDA:0,(anonymous_46)
FNDA:0,(anonymous_47)
FNDA:0,(anonymous_48)
FNDA:0,(anonymous_49)
DA:6,0
DA:7,0
DA:8,0
DA:9,0
DA:10,0
DA:11,0
DA:12,0
DA:13,0
DA:14,0
DA:15,0
DA:16,0
DA:19,0
DA:20,0
DA:21,0
DA:22,0
DA:24,0
DA:25,0
DA:26,0
DA:27,0
DA:28,0
DA:31,0
DA:32,0
DA:33,0
DA:34,0
DA:35,0
DA:36,0
DA:37,0
DA:38,0
DA:39,0
DA:44,0
DA:45,0
DA:48,0
DA:49,0
DA:50,0
DA:51,0
DA:52,0
DA:53,0
DA:54,0
DA:55,0
DA:56,0
DA:59,0
DA:60,0
DA:61,0
DA:65,0
DA:66,0
DA:68,0
DA:72,0
DA:75,0
DA:81,0
DA:82,0
DA:83,0
DA:85,0
DA:87,0
DA:88,0
DA:91,0
DA:94,0
DA:95,0
DA:96,0
DA:98,0
DA:99,0
DA:103,0
DA:104,0
DA:109,0
DA:110,0
DA:111,0
DA:112,0
DA:114,0
DA:115,0
DA:116,0
DA:119,0
DA:120,0
DA:122,0
DA:124,0
DA:125,0
DA:127,0
DA:128,0
DA:129,0
DA:131,0
DA:132,0
DA:133,0
DA:135,0
DA:140,0
DA:142,0
DA:143,0
DA:151,0
DA:152,0
DA:154,0
DA:155,0
DA:156,0
DA:159,0
DA:161,0
DA:162,0
DA:163,0
DA:165,0
DA:166,0
DA:169,0
DA:170,0
DA:171,0
DA:172,0
DA:176,0
DA:177,0
DA:185,0
DA:186,0
DA:188,0
DA:189,0
DA:190,0
DA:191,0
DA:194,0
DA:197,0
DA:198,0
DA:199,0
DA:202,0
DA:203,0
DA:204,0
DA:208,0
DA:209,0
DA:210,0
DA:213,0
DA:214,0
DA:215,0
DA:217,0
DA:218,0
DA:223,0
DA:224,0
DA:225,0
DA:226,0
DA:230,0
DA:237,0
DA:238,0
DA:239,0
DA:240,0
DA:244,0
DA:245,0
DA:247,0
DA:248,0
DA:249,0
DA:250,0
DA:251,0
DA:252,0
DA:255,0
DA:256,0
DA:257,0
DA:261,0
DA:262,0
DA:265,0
DA:266,0
DA:269,0
DA:270,0
DA:271,0
DA:272,0
DA:273,0
DA:274,0
DA:275,0
DA:278,0
DA:281,0
DA:284,0
DA:286,0
DA:288,0
DA:291,0
DA:292,0
DA:293,0
DA:295,0
DA:298,0
DA:299,0
DA:300,0
DA:301,0
DA:302,0
DA:303,0
DA:304,0
DA:305,0
DA:306,0
DA:309,0
DA:314,0
DA:315,0
DA:318,0
DA:319,0
DA:321,0
DA:322,0
DA:325,0
DA:328,0
DA:330,0
DA:331,0
DA:334,0
DA:335,0
DA:342,0
DA:344,0
DA:345,0
DA:346,0
DA:347,0
DA:348,0
DA:351,0
DA:352,0
DA:354,0
DA:355,0
DA:358,0
DA:361,0
DA:362,0
DA:363,0
DA:366,0
DA:367,0
DA:370,0
DA:371,0
DA:372,0
DA:375,0
DA:384,0
DA:390,0
DA:396,0
DA:397,0
DA:398,0
DA:399,0
DA:402,0
DA:403,0
DA:406,0
DA:407,0
DA:411,0
DA:412,0
DA:415,0
DA:416,0
DA:417,0
DA:421,0
DA:422,0
DA:426,0
DA:427,0
DA:430,0
DA:431,0
DA:433,0
DA:437,0
DA:440,0
DA:441,0
DA:442,0
DA:445,0
DA:446,0
DA:449,0
DA:450,0
DA:453,0
DA:456,0
DA:459,0
DA:460,0
DA:461,0
DA:465,0
DA:466,0
DA:467,0
DA:468,0
DA:469,0
DA:470,0
DA:471,0
DA:474,0
DA:475,0
DA:483,0
DA:484,0
DA:485,0
DA:486,0
DA:488,0
DA:489,0
DA:490,0
DA:491,0
DA:492,0
DA:493,0
DA:496,0
DA:497,0
DA:498,0
DA:499,0
DA:505,0
DA:511,0
DA:512,0
DA:513,0
DA:514,0
DA:518,0
DA:519,0
DA:520,0
DA:524,0
DA:525,0
DA:526,0
DA:530,0
DA:532,0
DA:535,0
DA:536,0
DA:538,0
DA:541,0
DA:542,0
DA:543,0
DA:544,0
DA:545,0
DA:546,0
DA:547,0
DA:548,0
DA:549,0
DA:552,0
DA:557,0
DA:558,0
DA:559,0
DA:560,0
DA:561,0
DA:564,0
DA:566,0
DA:567,0
DA:575,0
DA:576,0
DA:577,0
DA:581,0
DA:584,0
DA:585,0
DA:589,0
DA:592,0
DA:594,0
DA:595,0
DA:599,0
DA:602,0
DA:603,0
DA:610,0
DA:612,0
DA:613,0
DA:614,0
DA:617,0
DA:618,0
DA:621,0
DA:622,0
DA:626,0
DA:633,0
DA:634,0
DA:638,0
DA:641,0
DA:649,0
DA:652,0
DA:653,0
DA:657,0
DA:658,0
DA:661,0
DA:671,0
DA:672,0
DA:673,0
DA:684,0
DA:686,0
DA:687,0
DA:688,0
DA:690,0
DA:693,0
DA:694,0
DA:695,0
DA:704,0
DA:705,0
DA:708,0
DA:710,0
DA:711,0
DA:712,0
DA:716,0
DA:719,0
DA:730,0
DA:731,0
DA:733,0
DA:734,0
DA:737,0
DA:739,0
DA:740,0
DA:741,0
DA:742,0
DA:743,0
DA:744,0
DA:745,0
DA:748,0
DA:749,0
DA:751,0
DA:762,0
DA:765,0
DA:767,0
DA:768,0
DA:777,0
DA:778,0
DA:780,0
DA:782,0
DA:784,0
DA:786,0
DA:788,0
DA:790,0
DA:799,0
DA:800,0
DA:801,0
DA:803,0
DA:804,0
DA:805,0
DA:806,0
DA:808,0
DA:809,0
DA:810,0
DA:813,0
DA:821,0
DA:822,0
DA:823,0
DA:824,0
DA:834,0
DA:835,0
DA:836,0
DA:837,0
DA:838,0
DA:845,0
DA:846,0
DA:847,0
DA:854,0
DA:855,0
DA:856,0
DA:859,0
DA:860,0
DA:861,0
DA:863,0
DA:870,0
DA:871,0
DA:874,0
DA:875,0
DA:876,0
DA:877,0
DA:878,0
DA:879,0
DA:880,0
DA:881,0
DA:882,0
DA:883,0
DA:884,0
DA:885,0
DA:886,0
DA:887,0
DA:888,0
DA:892,0
DA:893,0
DA:896,0
DA:897,0
DA:905,0
DA:906,0
DA:909,0
DA:910,0
DA:913,0
DA:920,0
DA:921,0
DA:922,0
DA:923,0
DA:924,0
DA:927,0
DA:929,0
DA:932,0
DA:939,0
DA:940,0
DA:943,0
DA:945,0
DA:946,0
DA:953,0
DA:954,0
DA:960,0
DA:961,0
DA:962,0
DA:963,0
DA:964,0
DA:967,0
DA:968,0
DA:971,0
DA:972,0
DA:976,0
DA:979,0
DA:980,0
DA:981,0
DA:984,0
DA:985,0
DA:987,0
DA:989,0
DA:990,0
DA:998,0
DA:999,0
DA:1000,0
DA:1001,0
DA:1002,0
DA:1005,0
DA:1006,0
DA:1008,0
DA:1009,0
DA:1010,0
DA:1018,0
DA:1019,0
DA:1026,0
DA:1027,0
DA:1034,0
DA:1035,0
DA:1042,0
DA:1043,0
DA:1049,0
DA:1050,0
DA:1051,0
DA:1054,0
DA:1055,0
DA:1058,0
DA:1059,0
DA:1063,0
DA:1065,0
DA:1066,0
DA:1068,0
DA:1075,0
DA:1076,0
DA:1079,0
DA:1080,0
DA:1083,0
DA:1086,0
DA:1087,0
DA:1088,0
DA:1090,0
DA:1093,0
DA:1094,0
DA:1095,0
DA:1096,0
DA:1103,0
DA:1104,0
DA:1105,0
DA:1107,0
DA:1113,0
DA:1114,0
DA:1115,0
DA:1118,0
DA:1120,0
DA:1123,0
DA:1125,0
DA:1129,0
LF:517
LH:0
BRDA:60,0,0,0
BRDA:60,0,1,0
BRDA:65,1,0,0
BRDA:65,1,1,0
BRDA:85,2,0,0
BRDA:85,2,1,0
BRDA:103,3,0,0
BRDA:103,3,1,0
BRDA:122,4,0,0
BRDA:122,4,1,0
BRDA:132,5,0,0
BRDA:132,5,1,0
BRDA:154,6,0,0
BRDA:154,6,1,0
BRDA:154,7,0,0
BRDA:154,7,1,0
BRDA:161,8,0,0
BRDA:161,8,1,0
BRDA:165,9,0,0
BRDA:165,9,1,0
BRDA:169,10,0,0
BRDA:169,10,1,0
BRDA:169,11,0,0
BRDA:169,11,1,0
BRDA:188,12,0,0
BRDA:188,12,1,0
BRDA:213,13,0,0
BRDA:213,13,1,0
BRDA:238,14,0,0
BRDA:238,14,1,0
BRDA:244,15,0,0
BRDA:244,15,1,0
BRDA:249,16,0,0
BRDA:249,16,1,0
BRDA:284,17,0,0
BRDA:284,17,1,0
BRDA:286,18,0,0
BRDA:286,18,1,0
BRDA:292,19,0,0
BRDA:292,19,1,0
BRDA:346,20,0,0
BRDA:346,20,1,0
BRDA:346,21,0,0
BRDA:346,21,1,0
BRDA:351,22,0,0
BRDA:351,22,1,0
BRDA:351,23,0,0
BRDA:351,23,1,0
BRDA:351,23,2,0
BRDA:352,24,0,0
BRDA:352,24,1,0
BRDA:354,25,0,0
BRDA:354,25,1,0
BRDA:354,26,0,0
BRDA:354,26,1,0
BRDA:397,27,0,0
BRDA:397,27,1,0
BRDA:406,28,0,0
BRDA:406,28,1,0
BRDA:415,29,0,0
BRDA:415,29,1,0
BRDA:421,30,0,0
BRDA:421,30,1,0
BRDA:426,31,0,0
BRDA:426,31,1,0
BRDA:460,32,0,0
BRDA:460,32,1,0
BRDA:460,33,0,0
BRDA:460,33,1,0
BRDA:465,34,0,0
BRDA:465,34,1,0
BRDA:465,35,0,0
BRDA:465,35,1,0
BRDA:488,36,0,0
BRDA:488,36,1,0
BRDA:488,37,0,0
BRDA:488,37,1,0
BRDA:489,38,0,0
BRDA:489,38,1,0
BRDA:492,39,0,0
BRDA:492,39,1,0
BRDA:498,40,0,0
BRDA:498,40,1,0
BRDA:512,41,0,0
BRDA:512,41,1,0
BRDA:518,42,0,0
BRDA:518,42,1,0
BRDA:525,43,0,0
BRDA:525,43,1,0
BRDA:530,44,0,0
BRDA:530,44,1,0
BRDA:535,45,0,0
BRDA:535,45,1,0
BRDA:557,46,0,0
BRDA:557,46,1,0
BRDA:576,47,0,0
BRDA:576,47,1,0
BRDA:576,48,0,0
BRDA:576,48,1,0
BRDA:584,49,0,0
BRDA:584,49,1,0
BRDA:592,50,0,0
BRDA:592,50,1,0
BRDA:594,51,0,0
BRDA:594,51,1,0
BRDA:613,52,0,0
BRDA:613,52,1,0
BRDA:621,53,0,0
BRDA:621,53,1,0
BRDA:645,54,0,0
BRDA:645,54,1,0
BRDA:652,55,0,0
BRDA:652,55,1,0
BRDA:657,56,0,0
BRDA:657,56,1,0
BRDA:686,57,0,0
BRDA:686,57,1,0
BRDA:690,58,0,0
BRDA:690,58,1,0
BRDA:710,59,0,0
BRDA:710,59,1,0
BRDA:710,60,0,0
BRDA:710,60,1,0
BRDA:778,61,0,0
BRDA:778,61,1,0
BRDA:778,61,2,0
BRDA:778,61,3,0
BRDA:778,61,4,0
BRDA:778,61,5,0
BRDA:822,62,0,0
BRDA:822,62,1,0
BRDA:822,63,0,0
BRDA:822,63,1,0
BRDA:835,64,0,0
BRDA:835,64,1,0
BRDA:835,65,0,0
BRDA:835,65,1,0
BRDA:835,65,2,0
BRDA:846,66,0,0
BRDA:846,66,1,0
BRDA:855,67,0,0
BRDA:855,67,1,0
BRDA:855,68,0,0
BRDA:855,68,1,0
BRDA:875,69,0,0
BRDA:875,69,1,0
BRDA:909,70,0,0
BRDA:909,70,1,0
BRDA:921,71,0,0
BRDA:921,71,1,0
BRDA:961,72,0,0
BRDA:961,72,1,0
BRDA:961,73,0,0
BRDA:961,73,1,0
BRDA:971,74,0,0
BRDA:971,74,1,0
BRDA:971,75,0,0
BRDA:971,75,1,0
BRDA:999,76,0,0
BRDA:999,76,1,0
BRDA:1050,77,0,0
BRDA:1050,77,1,0
BRDA:1050,78,0,0
BRDA:1050,78,1,0
BRDA:1058,79,0,0
BRDA:1058,79,1,0
BRDA:1079,80,0,0
BRDA:1079,80,1,0
BRDA:1090,81,0,0
BRDA:1090,81,1,0
BRDA:1093,82,0,0
BRDA:1093,82,1,0
BRDA:1093,83,0,0
BRDA:1093,83,1,0
BRDA:1104,84,0,0
BRDA:1104,84,1,0
BRDA:1104,85,0,0
BRDA:1104,85,1,0
BRDA:1114,86,0,0
BRDA:1114,86,1,0
BRF:180
BRH:0
end_of_record
